{"numFailedTestSuites":0,"numFailedTests":0,"numPassedTestSuites":18,"numPassedTests":220,"numPendingTestSuites":0,"numPendingTests":0,"numRuntimeErrorTestSuites":0,"numTotalTestSuites":18,"numTotalTests":220,"openHandles":[],"snapshot":{"added":0,"didUpdate":false,"failure":false,"filesAdded":0,"filesRemoved":0,"filesUnmatched":0,"filesUpdated":0,"matched":46,"total":46,"unchecked":0,"uncheckedKeysByFile":[],"unmatched":0,"updated":0},"startTime":1538236807948,"success":true,"testResults":[{"assertionResults":[{"ancestorTitles":["getComponentWrapper"],"failureMessages":[],"fullName":"getComponentWrapper works","location":null,"status":"passed","title":"works"}],"endTime":1538236950525,"message":"","name":"/home/travis/build/springload/draftail/lib/utils/getComponentWrapper.test.js","startTime":1538236830391,"status":"passed","summary":""},{"assertionResults":[{"ancestorTitles":["Icon"],"failureMessages":[],"fullName":"Icon #className","location":null,"status":"passed","title":"#className"},{"ancestorTitles":["Icon"],"failureMessages":[],"fullName":"Icon #title","location":null,"status":"passed","title":"#title"},{"ancestorTitles":["Icon","#icon"],"failureMessages":[],"fullName":"Icon #icon svg path","location":null,"status":"passed","title":"svg path"},{"ancestorTitles":["Icon","#icon"],"failureMessages":[],"fullName":"Icon #icon svg path array","location":null,"status":"passed","title":"svg path array"},{"ancestorTitles":["Icon","#icon"],"failureMessages":[],"fullName":"Icon #icon inline svg ref","location":null,"status":"passed","title":"inline svg ref"},{"ancestorTitles":["Icon","#icon"],"failureMessages":[],"fullName":"Icon #icon external svg ref","location":null,"status":"passed","title":"external svg ref"},{"ancestorTitles":["Icon","#icon"],"failureMessages":[],"fullName":"Icon #icon custom","location":null,"status":"passed","title":"custom"}],"endTime":1538236951317,"message":"","name":"/home/travis/build/springload/draftail/lib/components/Icon.test.js","startTime":1538236830342,"status":"passed","summary":""},{"assertionResults":[{"ancestorTitles":["DividerBlock"],"failureMessages":[],"fullName":"DividerBlock basic","location":null,"status":"passed","title":"basic"}],"endTime":1538236952122,"message":"","name":"/home/travis/build/springload/draftail/lib/blocks/DividerBlock.test.js","startTime":1538236831149,"status":"passed","summary":""},{"assertionResults":[{"ancestorTitles":["ToolbarGroup"],"failureMessages":[],"fullName":"ToolbarGroup children","location":null,"status":"passed","title":"children"},{"ancestorTitles":["ToolbarGroup"],"failureMessages":[],"fullName":"ToolbarGroup empty","location":null,"status":"passed","title":"empty"},{"ancestorTitles":["ToolbarGroup"],"failureMessages":[],"fullName":"ToolbarGroup empty children","location":null,"status":"passed","title":"empty children"},{"ancestorTitles":["ToolbarGroup"],"failureMessages":[],"fullName":"ToolbarGroup empty array children","location":null,"status":"passed","title":"empty array children"}],"endTime":1538236952957,"message":"","name":"/home/travis/build/springload/draftail/lib/components/ToolbarGroup.test.js","startTime":1538236831747,"status":"passed","summary":""},{"assertionResults":[{"ancestorTitles":["Tooltip"],"failureMessages":[],"fullName":"Tooltip #direction top","location":null,"status":"passed","title":"#direction top"},{"ancestorTitles":["Tooltip"],"failureMessages":[],"fullName":"Tooltip #direction left","location":null,"status":"passed","title":"#direction left"},{"ancestorTitles":["Tooltip"],"failureMessages":[],"fullName":"Tooltip #direction top-left","location":null,"status":"passed","title":"#direction top-left"}],"endTime":1538236953792,"message":"","name":"/home/travis/build/springload/draftail/examples/components/Tooltip.test.js","startTime":1538236830950,"status":"passed","summary":""},{"assertionResults":[{"ancestorTitles":["Portal"],"failureMessages":[],"fullName":"Portal empty","location":null,"status":"passed","title":"empty"},{"ancestorTitles":["Portal"],"failureMessages":[],"fullName":"Portal #children","location":null,"status":"passed","title":"#children"},{"ancestorTitles":["Portal"],"failureMessages":[],"fullName":"Portal component lifecycle","location":null,"status":"passed","title":"component lifecycle"},{"ancestorTitles":["Portal","#onClose"],"failureMessages":[],"fullName":"Portal #onClose #closeOnClick","location":null,"status":"passed","title":"#closeOnClick"},{"ancestorTitles":["Portal","#onClose"],"failureMessages":[],"fullName":"Portal #onClose #closeOnType","location":null,"status":"passed","title":"#closeOnType"},{"ancestorTitles":["Portal","#onClose"],"failureMessages":[],"fullName":"Portal #onClose #closeOnResize","location":null,"status":"passed","title":"#closeOnResize"},{"ancestorTitles":["Portal","onCloseEvent"],"failureMessages":[],"fullName":"Portal onCloseEvent shouldClose","location":null,"status":"passed","title":"shouldClose"},{"ancestorTitles":["Portal","onCloseEvent"],"failureMessages":[],"fullName":"Portal onCloseEvent not shouldClose","location":null,"status":"passed","title":"not shouldClose"}],"endTime":1538236955755,"message":"","name":"/home/travis/build/springload/draftail/examples/components/Portal.test.js","startTime":1538236829815,"status":"passed","summary":""},{"assertionResults":[{"ancestorTitles":["ToolbarButton"],"failureMessages":[],"fullName":"ToolbarButton empty","location":null,"status":"passed","title":"empty"},{"ancestorTitles":["ToolbarButton"],"failureMessages":[],"fullName":"ToolbarButton #name","location":null,"status":"passed","title":"#name"},{"ancestorTitles":["ToolbarButton"],"failureMessages":[],"fullName":"ToolbarButton #label","location":null,"status":"passed","title":"#label"},{"ancestorTitles":["ToolbarButton"],"failureMessages":[],"fullName":"ToolbarButton #icon","location":null,"status":"passed","title":"#icon"},{"ancestorTitles":["ToolbarButton"],"failureMessages":[],"fullName":"ToolbarButton #active","location":null,"status":"passed","title":"#active"},{"ancestorTitles":["ToolbarButton"],"failureMessages":[],"fullName":"ToolbarButton #title","location":null,"status":"passed","title":"#title"},{"ancestorTitles":["ToolbarButton"],"failureMessages":[],"fullName":"ToolbarButton #onClick","location":null,"status":"passed","title":"#onClick"},{"ancestorTitles":["ToolbarButton"],"failureMessages":[],"fullName":"ToolbarButton stops showing tooltip on click","location":null,"status":"passed","title":"stops showing tooltip on click"}],"endTime":1538236956099,"message":"","name":"/home/travis/build/springload/draftail/lib/components/ToolbarButton.test.js","startTime":1538236831587,"status":"passed","summary":""},{"assertionResults":[{"ancestorTitles":["constants"],"failureMessages":[],"fullName":"constants #BLOCK_TYPE","location":null,"status":"passed","title":"#BLOCK_TYPE"},{"ancestorTitles":["constants"],"failureMessages":[],"fullName":"constants #ENTITY_TYPE","location":null,"status":"passed","title":"#ENTITY_TYPE"},{"ancestorTitles":["constants"],"failureMessages":[],"fullName":"constants #INLINE_STYLE","location":null,"status":"passed","title":"#INLINE_STYLE"},{"ancestorTitles":["constants"],"failureMessages":[],"fullName":"constants #BLOCK_TYPES","location":null,"status":"passed","title":"#BLOCK_TYPES"},{"ancestorTitles":["constants"],"failureMessages":[],"fullName":"constants #ENTITY_TYPES","location":null,"status":"passed","title":"#ENTITY_TYPES"},{"ancestorTitles":["constants"],"failureMessages":[],"fullName":"constants #INLINE_STYLES","location":null,"status":"passed","title":"#INLINE_STYLES"},{"ancestorTitles":["constants"],"failureMessages":[],"fullName":"constants #FONT_FAMILY_MONOSPACE","location":null,"status":"passed","title":"#FONT_FAMILY_MONOSPACE"},{"ancestorTitles":["constants"],"failureMessages":[],"fullName":"constants #CUSTOM_STYLE_MAP","location":null,"status":"passed","title":"#CUSTOM_STYLE_MAP"},{"ancestorTitles":["constants"],"failureMessages":[],"fullName":"constants #BR_TYPE","location":null,"status":"passed","title":"#BR_TYPE"},{"ancestorTitles":["constants"],"failureMessages":[],"fullName":"constants #UNDO_TYPE","location":null,"status":"passed","title":"#UNDO_TYPE"},{"ancestorTitles":["constants"],"failureMessages":[],"fullName":"constants #REDO_TYPE","location":null,"status":"passed","title":"#REDO_TYPE"},{"ancestorTitles":["constants"],"failureMessages":[],"fullName":"constants #KEY_CODES","location":null,"status":"passed","title":"#KEY_CODES"},{"ancestorTitles":["constants"],"failureMessages":[],"fullName":"constants #INPUT_BLOCK_MAP","location":null,"status":"passed","title":"#INPUT_BLOCK_MAP"},{"ancestorTitles":["constants"],"failureMessages":[],"fullName":"constants #INPUT_ENTITY_MAP","location":null,"status":"passed","title":"#INPUT_ENTITY_MAP"},{"ancestorTitles":["constants"],"failureMessages":[],"fullName":"constants #LABELS","location":null,"status":"passed","title":"#LABELS"},{"ancestorTitles":["constants"],"failureMessages":[],"fullName":"constants #DESCRIPTIONS","location":null,"status":"passed","title":"#DESCRIPTIONS"},{"ancestorTitles":["constants"],"failureMessages":[],"fullName":"constants #KEYBOARD_SHORTCUTS","location":null,"status":"passed","title":"#KEYBOARD_SHORTCUTS"},{"ancestorTitles":["constants"],"failureMessages":[],"fullName":"constants #HANDLED","location":null,"status":"passed","title":"#HANDLED"},{"ancestorTitles":["constants"],"failureMessages":[],"fullName":"constants #NOT_HANDLED","location":null,"status":"passed","title":"#NOT_HANDLED"}],"endTime":1538236967133,"message":"","name":"/home/travis/build/springload/draftail/lib/api/constants.test.js","startTime":1538236831704,"status":"passed","summary":""},{"assertionResults":[{"ancestorTitles":["conversion","#createEditorState"],"failureMessages":[],"fullName":"conversion #createEditorState creates state from real content","location":null,"status":"passed","title":"creates state from real content"},{"ancestorTitles":["conversion","#serialiseEditorState"],"failureMessages":[],"fullName":"conversion #serialiseEditorState keeps real content","location":null,"status":"passed","title":"keeps real content"},{"ancestorTitles":["conversion","#serialiseEditorState"],"failureMessages":[],"fullName":"conversion #serialiseEditorState discards empty content","location":null,"status":"passed","title":"discards empty content"},{"ancestorTitles":["conversion","#serialiseEditorState"],"failureMessages":[],"fullName":"conversion #serialiseEditorState discards content with only empty text","location":null,"status":"passed","title":"discards content with only empty text"}],"endTime":1538236968686,"message":"","name":"/home/travis/build/springload/draftail/lib/api/conversion.test.js","startTime":1538236830279,"status":"passed","summary":""},{"assertionResults":[{"ancestorTitles":["Toolbar"],"failureMessages":[],"fullName":"Toolbar empty","location":null,"status":"passed","title":"empty"},{"ancestorTitles":["Toolbar"],"failureMessages":[],"fullName":"Toolbar #controls","location":null,"status":"passed","title":"#controls"}],"endTime":1538236969724,"message":"","name":"/home/travis/build/springload/draftail/lib/components/Toolbar.test.js","startTime":1538236830328,"status":"passed","summary":""},{"assertionResults":[{"ancestorTitles":["draftail"],"failureMessages":[],"fullName":"draftail #DraftailEditor","location":null,"status":"passed","title":"#DraftailEditor"},{"ancestorTitles":["draftail"],"failureMessages":[],"fullName":"draftail #DraftUtils","location":null,"status":"passed","title":"#DraftUtils"},{"ancestorTitles":["draftail"],"failureMessages":[],"fullName":"draftail #BLOCK_TYPE","location":null,"status":"passed","title":"#BLOCK_TYPE"},{"ancestorTitles":["draftail"],"failureMessages":[],"fullName":"draftail #ENTITY_TYPE","location":null,"status":"passed","title":"#ENTITY_TYPE"},{"ancestorTitles":["draftail"],"failureMessages":[],"fullName":"draftail #INLINE_STYLE","location":null,"status":"passed","title":"#INLINE_STYLE"},{"ancestorTitles":["draftail"],"failureMessages":[],"fullName":"draftail #Icon","location":null,"status":"passed","title":"#Icon"},{"ancestorTitles":["draftail"],"failureMessages":[],"fullName":"draftail #ToolbarButton","location":null,"status":"passed","title":"#ToolbarButton"}],"endTime":1538236969713,"message":"","name":"/home/travis/build/springload/draftail/lib/index.test.js","startTime":1538236830039,"status":"passed","summary":""},{"assertionResults":[{"ancestorTitles":["EmbedBlock"],"failureMessages":[],"fullName":"EmbedBlock renders","location":null,"status":"passed","title":"renders"}],"endTime":1538236969775,"message":"","name":"/home/travis/build/springload/draftail/examples/blocks/EmbedBlock.test.js","startTime":1538236831663,"status":"passed","summary":""},{"assertionResults":[{"ancestorTitles":["MediaBlock"],"failureMessages":[],"fullName":"MediaBlock renders","location":null,"status":"passed","title":"renders"},{"ancestorTitles":["MediaBlock","tooltip"],"failureMessages":[],"fullName":"MediaBlock tooltip opens","location":null,"status":"passed","title":"opens"},{"ancestorTitles":["MediaBlock","tooltip"],"failureMessages":[],"fullName":"MediaBlock tooltip large viewport","location":null,"status":"passed","title":"large viewport"},{"ancestorTitles":["MediaBlock","tooltip"],"failureMessages":[],"fullName":"MediaBlock tooltip closes","location":null,"status":"passed","title":"closes"}],"endTime":1538236970023,"message":"","name":"/home/travis/build/springload/draftail/examples/blocks/MediaBlock.test.js","startTime":1538236831567,"status":"passed","summary":""},{"assertionResults":[{"ancestorTitles":["ToolbarDefaults"],"failureMessages":[],"fullName":"ToolbarDefaults empty","location":null,"status":"passed","title":"empty"},{"ancestorTitles":["ToolbarDefaults","#enableHorizontalRule"],"failureMessages":[],"fullName":"ToolbarDefaults #enableHorizontalRule works","location":null,"status":"passed","title":"works"},{"ancestorTitles":["ToolbarDefaults","#enableHorizontalRule"],"failureMessages":[],"fullName":"ToolbarDefaults #enableHorizontalRule control overrides","location":null,"status":"passed","title":"control overrides"},{"ancestorTitles":["ToolbarDefaults","#enableLineBreak"],"failureMessages":[],"fullName":"ToolbarDefaults #enableLineBreak works","location":null,"status":"passed","title":"works"},{"ancestorTitles":["ToolbarDefaults","#enableLineBreak"],"failureMessages":[],"fullName":"ToolbarDefaults #enableLineBreak control overrides","location":null,"status":"passed","title":"control overrides"},{"ancestorTitles":["ToolbarDefaults","#showUndoControl"],"failureMessages":[],"fullName":"ToolbarDefaults #showUndoControl works","location":null,"status":"passed","title":"works"},{"ancestorTitles":["ToolbarDefaults","#showUndoControl"],"failureMessages":[],"fullName":"ToolbarDefaults #showUndoControl control overrides","location":null,"status":"passed","title":"control overrides"},{"ancestorTitles":["ToolbarDefaults","#showRedoControl"],"failureMessages":[],"fullName":"ToolbarDefaults #showRedoControl works","location":null,"status":"passed","title":"works"},{"ancestorTitles":["ToolbarDefaults","#showRedoControl"],"failureMessages":[],"fullName":"ToolbarDefaults #showRedoControl control overrides","location":null,"status":"passed","title":"control overrides"},{"ancestorTitles":["ToolbarDefaults"],"failureMessages":[],"fullName":"ToolbarDefaults #entityTypes","location":null,"status":"passed","title":"#entityTypes"},{"ancestorTitles":["ToolbarDefaults"],"failureMessages":[],"fullName":"ToolbarDefaults #blockTypes","location":null,"status":"passed","title":"#blockTypes"},{"ancestorTitles":["ToolbarDefaults"],"failureMessages":[],"fullName":"ToolbarDefaults #inlineStyles","location":null,"status":"passed","title":"#inlineStyles"},{"ancestorTitles":["ToolbarDefaults"],"failureMessages":[],"fullName":"ToolbarDefaults button label default","location":null,"status":"passed","title":"button label default"},{"ancestorTitles":["ToolbarDefaults"],"failureMessages":[],"fullName":"ToolbarDefaults button label with icon","location":null,"status":"passed","title":"button label with icon"},{"ancestorTitles":["ToolbarDefaults"],"failureMessages":[],"fullName":"ToolbarDefaults button label overrides","location":null,"status":"passed","title":"button label overrides"},{"ancestorTitles":["ToolbarDefaults"],"failureMessages":[],"fullName":"ToolbarDefaults button titles with shortcut","location":null,"status":"passed","title":"button titles with shortcut"},{"ancestorTitles":["ToolbarDefaults"],"failureMessages":[],"fullName":"ToolbarDefaults button titles with shortcut and description","location":null,"status":"passed","title":"button titles with shortcut and description"}],"endTime":1538236970280,"message":"","name":"/home/travis/build/springload/draftail/lib/components/ToolbarDefaults.test.js","startTime":1538236831737,"status":"passed","summary":""},{"assertionResults":[{"ancestorTitles":["behavior","#getBlockRenderMap"],"failureMessages":[],"fullName":"behavior #getBlockRenderMap has custom block with element","location":null,"status":"passed","title":"has custom block with element"},{"ancestorTitles":["behavior","#getBlockRenderMap"],"failureMessages":[],"fullName":"behavior #getBlockRenderMap no custom block without element","location":null,"status":"passed","title":"no custom block without element"},{"ancestorTitles":["behavior","#getBlockRenderMap","code block element"],"failureMessages":[],"fullName":"behavior #getBlockRenderMap code block element default is \"code\"","location":null,"status":"passed","title":"default is \"code\""},{"ancestorTitles":["behavior","#getBlockRenderMap","code block element"],"failureMessages":[],"fullName":"behavior #getBlockRenderMap code block element can be overriden","location":null,"status":"passed","title":"can be overriden"},{"ancestorTitles":["behavior","#blockStyleFn"],"failureMessages":[],"fullName":"behavior #blockStyleFn works","location":null,"status":"passed","title":"works"},{"ancestorTitles":["behavior","#blockStyleFn"],"failureMessages":[],"fullName":"behavior #blockStyleFn depth","location":null,"status":"passed","title":"depth"},{"ancestorTitles":["behavior","#getKeyBindingFn"],"failureMessages":[],"fullName":"behavior #getKeyBindingFn has strict keyboard shortcut matching","location":null,"status":"passed","title":"has strict keyboard shortcut matching"},{"ancestorTitles":["behavior","#getKeyBindingFn","styles"],"failureMessages":[],"fullName":"behavior #getKeyBindingFn styles disables default style key bindings","location":null,"status":"passed","title":"disables default style key bindings"},{"ancestorTitles":["behavior","#getKeyBindingFn","styles"],"failureMessages":[],"fullName":"behavior #getKeyBindingFn styles enables style key bindings when required","location":null,"status":"passed","title":"enables style key bindings when required"},{"ancestorTitles":["behavior","#getKeyBindingFn","blocks"],"failureMessages":[],"fullName":"behavior #getKeyBindingFn blocks has no default heading block key binding","location":null,"status":"passed","title":"has no default heading block key binding"},{"ancestorTitles":["behavior","#getKeyBindingFn","blocks"],"failureMessages":[],"fullName":"behavior #getKeyBindingFn blocks enables heading block key binding when required","location":null,"status":"passed","title":"enables heading block key binding when required"},{"ancestorTitles":["behavior","#getKeyBindingFn","blocks"],"failureMessages":[],"fullName":"behavior #getKeyBindingFn blocks has default unstyled block key binding","location":null,"status":"passed","title":"has default unstyled block key binding"},{"ancestorTitles":["behavior","#getKeyBindingFn","entities"],"failureMessages":[],"fullName":"behavior #getKeyBindingFn entities has no default link entity key binding","location":null,"status":"passed","title":"has no default link entity key binding"},{"ancestorTitles":["behavior","#getKeyBindingFn","entities"],"failureMessages":[],"fullName":"behavior #getKeyBindingFn entities enables link entity key binding when required","location":null,"status":"passed","title":"enables link entity key binding when required"},{"ancestorTitles":["behavior","#getKeyBindingFn"],"failureMessages":[],"fullName":"behavior #getKeyBindingFn all shortcuts","location":null,"status":"passed","title":"all shortcuts"},{"ancestorTitles":["behavior","#hasKeyboardShortcut"],"failureMessages":[],"fullName":"behavior #hasKeyboardShortcut defined shortcut","location":null,"status":"passed","title":"defined shortcut"},{"ancestorTitles":["behavior","#hasKeyboardShortcut"],"failureMessages":[],"fullName":"behavior #hasKeyboardShortcut undefined shortcut","location":null,"status":"passed","title":"undefined shortcut"},{"ancestorTitles":["behavior","#getKeyboardShortcut"],"failureMessages":[],"fullName":"behavior #getKeyboardShortcut header five shortcut","location":null,"status":"passed","title":"header five shortcut"},{"ancestorTitles":["behavior","#getKeyboardShortcut"],"failureMessages":[],"fullName":"behavior #getKeyboardShortcut header five shortcut, macOS","location":null,"status":"passed","title":"header five shortcut, macOS"},{"ancestorTitles":["behavior","#getKeyboardShortcut"],"failureMessages":[],"fullName":"behavior #getKeyboardShortcut undefined shortcut","location":null,"status":"passed","title":"undefined shortcut"},{"ancestorTitles":["behavior","#handleBeforeInputBlockType"],"failureMessages":[],"fullName":"behavior #handleBeforeInputBlockType does not convert without the right types","location":null,"status":"passed","title":"does not convert without the right types"},{"ancestorTitles":["behavior","#handleBeforeInputBlockType"],"failureMessages":[],"fullName":"behavior #handleBeforeInputBlockType converts regardless of block type","location":null,"status":"passed","title":"converts regardless of block type"},{"ancestorTitles":["behavior","#handleBeforeInputBlockType"],"failureMessages":[],"fullName":"behavior #handleBeforeInputBlockType converts \"* \"","location":null,"status":"passed","title":"converts \"* \""},{"ancestorTitles":["behavior","#handleBeforeInputBlockType"],"failureMessages":[],"fullName":"behavior #handleBeforeInputBlockType converts \"- \"","location":null,"status":"passed","title":"converts \"- \""},{"ancestorTitles":["behavior","#handleBeforeInputBlockType"],"failureMessages":[],"fullName":"behavior #handleBeforeInputBlockType converts \"1. \"","location":null,"status":"passed","title":"converts \"1. \""},{"ancestorTitles":["behavior","#handleBeforeInputHR"],"failureMessages":[],"fullName":"behavior #handleBeforeInputHR does not convert in code block","location":null,"status":"passed","title":"does not convert in code block"},{"ancestorTitles":["behavior","#handleBeforeInputHR"],"failureMessages":[],"fullName":"behavior #handleBeforeInputHR converts \"---\"","location":null,"status":"passed","title":"converts \"---\""},{"ancestorTitles":["behavior","#getCustomStyleMap"],"failureMessages":[],"fullName":"behavior #getCustomStyleMap existing styles, default styling","location":null,"status":"passed","title":"existing styles, default styling"},{"ancestorTitles":["behavior","#getCustomStyleMap"],"failureMessages":[],"fullName":"behavior #getCustomStyleMap existing styles, custom styling","location":null,"status":"passed","title":"existing styles, custom styling"},{"ancestorTitles":["behavior","#getCustomStyleMap"],"failureMessages":[],"fullName":"behavior #getCustomStyleMap custom styles, custom styling","location":null,"status":"passed","title":"custom styles, custom styling"},{"ancestorTitles":["behavior","#getCustomStyleMap"],"failureMessages":[],"fullName":"behavior #getCustomStyleMap custom styles, undefined styling","location":null,"status":"passed","title":"custom styles, undefined styling"},{"ancestorTitles":["behavior","#filterPaste"],"failureMessages":[],"fullName":"behavior #filterPaste works","location":null,"status":"passed","title":"works"},{"ancestorTitles":["behavior","#filterPaste"],"failureMessages":[],"fullName":"behavior #filterPaste enableHorizontalRule","location":null,"status":"passed","title":"enableHorizontalRule"},{"ancestorTitles":["behavior","#filterPaste"],"failureMessages":[],"fullName":"behavior #filterPaste enableLineBreak","location":null,"status":"passed","title":"enableLineBreak"}],"endTime":1538236970543,"message":"","name":"/home/travis/build/springload/draftail/lib/api/behavior.test.js","startTime":1538236830439,"status":"passed","summary":""},{"assertionResults":[{"ancestorTitles":["DraftUtils","#getSelectedBlock"],"failureMessages":[],"fullName":"DraftUtils #getSelectedBlock works","location":null,"status":"passed","title":"works"},{"ancestorTitles":["DraftUtils","#getSelectionEntity"],"failureMessages":[],"fullName":"DraftUtils #getSelectionEntity no entity","location":null,"status":"passed","title":"no entity"},{"ancestorTitles":["DraftUtils","#getSelectionEntity"],"failureMessages":[],"fullName":"DraftUtils #getSelectionEntity collapsed within","location":null,"status":"passed","title":"collapsed within"},{"ancestorTitles":["DraftUtils","#getSelectionEntity"],"failureMessages":[],"fullName":"DraftUtils #getSelectionEntity full entity","location":null,"status":"passed","title":"full entity"},{"ancestorTitles":["DraftUtils","#getSelectionEntity"],"failureMessages":[],"fullName":"DraftUtils #getSelectionEntity two entities","location":null,"status":"passed","title":"two entities"},{"ancestorTitles":["DraftUtils","#getEntitySelection"],"failureMessages":[],"fullName":"DraftUtils #getEntitySelection works","location":null,"status":"passed","title":"works"},{"ancestorTitles":["DraftUtils","#updateBlockEntity"],"failureMessages":[],"fullName":"DraftUtils #updateBlockEntity works","location":null,"status":"passed","title":"works"},{"ancestorTitles":["DraftUtils","#addHorizontalRuleRemovingSelection"],"failureMessages":[],"fullName":"DraftUtils #addHorizontalRuleRemovingSelection works","location":null,"status":"passed","title":"works"},{"ancestorTitles":["DraftUtils","#resetBlockWithType"],"failureMessages":[],"fullName":"DraftUtils #resetBlockWithType works","location":null,"status":"passed","title":"works"},{"ancestorTitles":["DraftUtils","#resetBlockWithType"],"failureMessages":[],"fullName":"DraftUtils #resetBlockWithType preserves styles","location":null,"status":"passed","title":"preserves styles"},{"ancestorTitles":["DraftUtils","#removeBlock"],"failureMessages":[],"fullName":"DraftUtils #removeBlock works","location":null,"status":"passed","title":"works"},{"ancestorTitles":["DraftUtils","#removeBlockEntity"],"failureMessages":[],"fullName":"DraftUtils #removeBlockEntity works","location":null,"status":"passed","title":"works"},{"ancestorTitles":["DraftUtils","#handleDeleteAtomic"],"failureMessages":[],"fullName":"DraftUtils #handleDeleteAtomic works","location":null,"status":"passed","title":"works"},{"ancestorTitles":["DraftUtils","#handleDeleteAtomic"],"failureMessages":[],"fullName":"DraftUtils #handleDeleteAtomic not collapsed","location":null,"status":"passed","title":"not collapsed"},{"ancestorTitles":["DraftUtils","#handleDeleteAtomic"],"failureMessages":[],"fullName":"DraftUtils #handleDeleteAtomic not block start","location":null,"status":"passed","title":"not block start"},{"ancestorTitles":["DraftUtils","#handleDeleteAtomic"],"failureMessages":[],"fullName":"DraftUtils #handleDeleteAtomic not atomic","location":null,"status":"passed","title":"not atomic"},{"ancestorTitles":["DraftUtils","#shouldHidePlaceholder"],"failureMessages":[],"fullName":"DraftUtils #shouldHidePlaceholder is empty","location":null,"status":"passed","title":"is empty"},{"ancestorTitles":["DraftUtils","#shouldHidePlaceholder"],"failureMessages":[],"fullName":"DraftUtils #shouldHidePlaceholder has content","location":null,"status":"passed","title":"has content"},{"ancestorTitles":["DraftUtils","#shouldHidePlaceholder"],"failureMessages":[],"fullName":"DraftUtils #shouldHidePlaceholder is empty but not unstyled","location":null,"status":"passed","title":"is empty but not unstyled"},{"ancestorTitles":["DraftUtils","#insertNewUnstyledBlock"],"failureMessages":[],"fullName":"DraftUtils #insertNewUnstyledBlock works","location":null,"status":"passed","title":"works"},{"ancestorTitles":["DraftUtils","#addLineBreak"],"failureMessages":[],"fullName":"DraftUtils #addLineBreak works, collapsed","location":null,"status":"passed","title":"works, collapsed"},{"ancestorTitles":["DraftUtils","#addLineBreak"],"failureMessages":[],"fullName":"DraftUtils #addLineBreak works, non-collapsed","location":null,"status":"passed","title":"works, non-collapsed"},{"ancestorTitles":["DraftUtils","#handleHardNewline"],"failureMessages":[],"fullName":"DraftUtils #handleHardNewline non-collapsed selection","location":null,"status":"passed","title":"non-collapsed selection"},{"ancestorTitles":["DraftUtils","#handleHardNewline"],"failureMessages":[],"fullName":"DraftUtils #handleHardNewline unstyled block","location":null,"status":"passed","title":"unstyled block"},{"ancestorTitles":["DraftUtils","#handleHardNewline"],"failureMessages":[],"fullName":"DraftUtils #handleHardNewline non-unstyled block","location":null,"status":"passed","title":"non-unstyled block"},{"ancestorTitles":["DraftUtils","#handleHardNewline"],"failureMessages":[],"fullName":"DraftUtils #handleHardNewline non-unstyled block end of block","location":null,"status":"passed","title":"non-unstyled block end of block"},{"ancestorTitles":["DraftUtils","#handleHardNewline"],"failureMessages":[],"fullName":"DraftUtils #handleHardNewline non-empty list block","location":null,"status":"passed","title":"non-empty list block"},{"ancestorTitles":["DraftUtils","#handleHardNewline"],"failureMessages":[],"fullName":"DraftUtils #handleHardNewline empty list block non-nested","location":null,"status":"passed","title":"empty list block non-nested"},{"ancestorTitles":["DraftUtils","#handleHardNewline"],"failureMessages":[],"fullName":"DraftUtils #handleHardNewline empty list block nested","location":null,"status":"passed","title":"empty list block nested"},{"ancestorTitles":["DraftUtils","#handleNewLine"],"failureMessages":[],"fullName":"DraftUtils #handleNewLine hard newline","location":null,"status":"passed","title":"hard newline"},{"ancestorTitles":["DraftUtils","#handleNewLine"],"failureMessages":[],"fullName":"DraftUtils #handleNewLine soft newline","location":null,"status":"passed","title":"soft newline"},{"ancestorTitles":["DraftUtils","#handleNewLine"],"failureMessages":[],"fullName":"DraftUtils #handleNewLine soft newline collapsed","location":null,"status":"passed","title":"soft newline collapsed"},{"ancestorTitles":["DraftUtils","#handleNewLine"],"failureMessages":[],"fullName":"DraftUtils #handleNewLine hard newline in code-block","location":null,"status":"passed","title":"hard newline in code-block"},{"ancestorTitles":["DraftUtils","#handleNewLine"],"failureMessages":[],"fullName":"DraftUtils #handleNewLine hard newline in empty code-block","location":null,"status":"passed","title":"hard newline in empty code-block"}],"endTime":1538236970639,"message":"","name":"/home/travis/build/springload/draftail/lib/api/DraftUtils.test.js","startTime":1538236830344,"status":"passed","summary":""},{"assertionResults":[{"ancestorTitles":["ImageBlock"],"failureMessages":[],"fullName":"ImageBlock renders","location":null,"status":"passed","title":"renders"},{"ancestorTitles":["ImageBlock"],"failureMessages":[],"fullName":"ImageBlock alt","location":null,"status":"passed","title":"alt"},{"ancestorTitles":["ImageBlock"],"failureMessages":[],"fullName":"ImageBlock changeAlt","location":null,"status":"passed","title":"changeAlt"}],"endTime":1538236970647,"message":"","name":"/home/travis/build/springload/draftail/examples/blocks/ImageBlock.test.js","startTime":1538236830283,"status":"passed","summary":""},{"assertionResults":[{"ancestorTitles":["DraftailEditor"],"failureMessages":[],"fullName":"DraftailEditor empty","location":null,"status":"passed","title":"empty"},{"ancestorTitles":["DraftailEditor"],"failureMessages":[],"fullName":"DraftailEditor editorRef","location":null,"status":"passed","title":"editorRef"},{"ancestorTitles":["DraftailEditor"],"failureMessages":[],"fullName":"DraftailEditor #readOnly","location":null,"status":"passed","title":"#readOnly"},{"ancestorTitles":["DraftailEditor","#placeholder"],"failureMessages":[],"fullName":"DraftailEditor #placeholder visible","location":null,"status":"passed","title":"visible"},{"ancestorTitles":["DraftailEditor","#placeholder"],"failureMessages":[],"fullName":"DraftailEditor #placeholder hidden","location":null,"status":"passed","title":"hidden"},{"ancestorTitles":["DraftailEditor"],"failureMessages":[],"fullName":"DraftailEditor #spellCheck","location":null,"status":"passed","title":"#spellCheck"},{"ancestorTitles":["DraftailEditor"],"failureMessages":[],"fullName":"DraftailEditor #textAlignment","location":null,"status":"passed","title":"#textAlignment"},{"ancestorTitles":["DraftailEditor"],"failureMessages":[],"fullName":"DraftailEditor #textDirectionality","location":null,"status":"passed","title":"#textDirectionality"},{"ancestorTitles":["DraftailEditor"],"failureMessages":[],"fullName":"DraftailEditor #autoCapitalize","location":null,"status":"passed","title":"#autoCapitalize"},{"ancestorTitles":["DraftailEditor"],"failureMessages":[],"fullName":"DraftailEditor #autoComplete","location":null,"status":"passed","title":"#autoComplete"},{"ancestorTitles":["DraftailEditor"],"failureMessages":[],"fullName":"DraftailEditor #autoCorrect","location":null,"status":"passed","title":"#autoCorrect"},{"ancestorTitles":["DraftailEditor"],"failureMessages":[],"fullName":"DraftailEditor #ariaDescribedBy","location":null,"status":"passed","title":"#ariaDescribedBy"},{"ancestorTitles":["DraftailEditor"],"failureMessages":[],"fullName":"DraftailEditor #maxListNesting","location":null,"status":"passed","title":"#maxListNesting"},{"ancestorTitles":["DraftailEditor"],"failureMessages":[],"fullName":"DraftailEditor #onSave","location":null,"status":"passed","title":"#onSave"},{"ancestorTitles":["DraftailEditor"],"failureMessages":[],"fullName":"DraftailEditor readOnly","location":null,"status":"passed","title":"readOnly"},{"ancestorTitles":["DraftailEditor"],"failureMessages":[],"fullName":"DraftailEditor componentWillUnmount","location":null,"status":"passed","title":"componentWillUnmount"},{"ancestorTitles":["DraftailEditor","onChange"],"failureMessages":[],"fullName":"DraftailEditor onChange no filter when typing","location":null,"status":"passed","title":"no filter when typing"},{"ancestorTitles":["DraftailEditor","onChange"],"failureMessages":[],"fullName":"DraftailEditor onChange filter on paste","location":null,"status":"passed","title":"filter on paste"},{"ancestorTitles":["DraftailEditor"],"failureMessages":[],"fullName":"DraftailEditor getEditorState","location":null,"status":"passed","title":"getEditorState"},{"ancestorTitles":["DraftailEditor","handleReturn"],"failureMessages":[],"fullName":"DraftailEditor handleReturn default","location":null,"status":"passed","title":"default"},{"ancestorTitles":["DraftailEditor","handleReturn"],"failureMessages":[],"fullName":"DraftailEditor handleReturn enabled br","location":null,"status":"passed","title":"enabled br"},{"ancestorTitles":["DraftailEditor","handleReturn"],"failureMessages":[],"fullName":"DraftailEditor handleReturn alt + enter on text","location":null,"status":"passed","title":"alt + enter on text"},{"ancestorTitles":["DraftailEditor","handleReturn"],"failureMessages":[],"fullName":"DraftailEditor handleReturn alt + enter on entity without url","location":null,"status":"passed","title":"alt + enter on entity without url"},{"ancestorTitles":["DraftailEditor","handleReturn"],"failureMessages":[],"fullName":"DraftailEditor handleReturn alt + enter on entity","location":null,"status":"passed","title":"alt + enter on entity"},{"ancestorTitles":["DraftailEditor"],"failureMessages":[],"fullName":"DraftailEditor onFocus, onBlur","location":null,"status":"passed","title":"onFocus, onBlur"},{"ancestorTitles":["DraftailEditor"],"failureMessages":[],"fullName":"DraftailEditor onTab","location":null,"status":"passed","title":"onTab"},{"ancestorTitles":["DraftailEditor","handleKeyCommand"],"failureMessages":[],"fullName":"DraftailEditor handleKeyCommand draftjs internal, handled","location":null,"status":"passed","title":"draftjs internal, handled"},{"ancestorTitles":["DraftailEditor","handleKeyCommand"],"failureMessages":[],"fullName":"DraftailEditor handleKeyCommand draftjs internal, not handled","location":null,"status":"passed","title":"draftjs internal, not handled"},{"ancestorTitles":["DraftailEditor","handleKeyCommand"],"failureMessages":[],"fullName":"DraftailEditor handleKeyCommand entity type","location":null,"status":"passed","title":"entity type"},{"ancestorTitles":["DraftailEditor","handleKeyCommand"],"failureMessages":[],"fullName":"DraftailEditor handleKeyCommand block type","location":null,"status":"passed","title":"block type"},{"ancestorTitles":["DraftailEditor","handleKeyCommand"],"failureMessages":[],"fullName":"DraftailEditor handleKeyCommand inline style","location":null,"status":"passed","title":"inline style"},{"ancestorTitles":["DraftailEditor","handleKeyCommand","delete"],"failureMessages":[],"fullName":"DraftailEditor handleKeyCommand delete handled","location":null,"status":"passed","title":"handled"},{"ancestorTitles":["DraftailEditor","handleKeyCommand","delete"],"failureMessages":[],"fullName":"DraftailEditor handleKeyCommand delete not handled","location":null,"status":"passed","title":"not handled"},{"ancestorTitles":["DraftailEditor","handleBeforeInput"],"failureMessages":[],"fullName":"DraftailEditor handleBeforeInput non-collapsed selection","location":null,"status":"passed","title":"non-collapsed selection"},{"ancestorTitles":["DraftailEditor","handleBeforeInput"],"failureMessages":[],"fullName":"DraftailEditor handleBeforeInput no matching processing","location":null,"status":"passed","title":"no matching processing"},{"ancestorTitles":["DraftailEditor","handleBeforeInput"],"failureMessages":[],"fullName":"DraftailEditor handleBeforeInput enter text","location":null,"status":"passed","title":"enter text"},{"ancestorTitles":["DraftailEditor","handleBeforeInput"],"failureMessages":[],"fullName":"DraftailEditor handleBeforeInput change block type","location":null,"status":"passed","title":"change block type"},{"ancestorTitles":["DraftailEditor","handleBeforeInput"],"failureMessages":[],"fullName":"DraftailEditor handleBeforeInput enter hr","location":null,"status":"passed","title":"enter hr"},{"ancestorTitles":["DraftailEditor","handlePastedText"],"failureMessages":[],"fullName":"DraftailEditor handlePastedText default handling","location":null,"status":"passed","title":"default handling"},{"ancestorTitles":["DraftailEditor","handlePastedText"],"failureMessages":[],"fullName":"DraftailEditor handlePastedText stripPastedStyles","location":null,"status":"passed","title":"stripPastedStyles"},{"ancestorTitles":["DraftailEditor","handlePastedText"],"failureMessages":[],"fullName":"DraftailEditor handlePastedText handled by handleDraftEditorPastedText","location":null,"status":"passed","title":"handled by handleDraftEditorPastedText"},{"ancestorTitles":["DraftailEditor","toggleBlockType"],"failureMessages":[],"fullName":"DraftailEditor toggleBlockType works","location":null,"status":"passed","title":"works"},{"ancestorTitles":["DraftailEditor","toggleInlineStyle"],"failureMessages":[],"fullName":"DraftailEditor toggleInlineStyle works","location":null,"status":"passed","title":"works"},{"ancestorTitles":["DraftailEditor","onEditEntity"],"failureMessages":[],"fullName":"DraftailEditor onEditEntity works","location":null,"status":"passed","title":"works"},{"ancestorTitles":["DraftailEditor","onEditEntity"],"failureMessages":[],"fullName":"DraftailEditor onEditEntity block","location":null,"status":"passed","title":"block"},{"ancestorTitles":["DraftailEditor","onRemoveEntity"],"failureMessages":[],"fullName":"DraftailEditor onRemoveEntity works","location":null,"status":"passed","title":"works"},{"ancestorTitles":["DraftailEditor","onRemoveEntity"],"failureMessages":[],"fullName":"DraftailEditor onRemoveEntity block","location":null,"status":"passed","title":"block"},{"ancestorTitles":["DraftailEditor","addHR"],"failureMessages":[],"fullName":"DraftailEditor addHR works","location":null,"status":"passed","title":"works"},{"ancestorTitles":["DraftailEditor","addBR"],"failureMessages":[],"fullName":"DraftailEditor addBR works","location":null,"status":"passed","title":"works"},{"ancestorTitles":["DraftailEditor","onUndoRedo"],"failureMessages":[],"fullName":"DraftailEditor onUndoRedo undo","location":null,"status":"passed","title":"undo"},{"ancestorTitles":["DraftailEditor","onUndoRedo"],"failureMessages":[],"fullName":"DraftailEditor onUndoRedo redo","location":null,"status":"passed","title":"redo"},{"ancestorTitles":["DraftailEditor","onUndoRedo"],"failureMessages":[],"fullName":"DraftailEditor onUndoRedo invalid","location":null,"status":"passed","title":"invalid"},{"ancestorTitles":["DraftailEditor","blockRenderer"],"failureMessages":[],"fullName":"DraftailEditor blockRenderer default","location":null,"status":"passed","title":"default"},{"ancestorTitles":["DraftailEditor","blockRenderer"],"failureMessages":[],"fullName":"DraftailEditor blockRenderer atomic","location":null,"status":"passed","title":"atomic"},{"ancestorTitles":["DraftailEditor","blockRenderer"],"failureMessages":[],"fullName":"DraftailEditor blockRenderer HORIZONTAL_RULE","location":null,"status":"passed","title":"HORIZONTAL_RULE"},{"ancestorTitles":["DraftailEditor","blockRenderer"],"failureMessages":[],"fullName":"DraftailEditor blockRenderer atomic missing entity","location":null,"status":"passed","title":"atomic missing entity"},{"ancestorTitles":["DraftailEditor","source","onRequestSource"],"failureMessages":[],"fullName":"DraftailEditor source onRequestSource empty","location":null,"status":"passed","title":"empty"},{"ancestorTitles":["DraftailEditor","source","onRequestSource"],"failureMessages":[],"fullName":"DraftailEditor source onRequestSource with sourceOptions","location":null,"status":"passed","title":"with sourceOptions"},{"ancestorTitles":["DraftailEditor","source","onRequestSource"],"failureMessages":[],"fullName":"DraftailEditor source onRequestSource with entity","location":null,"status":"passed","title":"with entity"},{"ancestorTitles":["DraftailEditor","source","onCompleteSource"],"failureMessages":[],"fullName":"DraftailEditor source onCompleteSource empty","location":null,"status":"passed","title":"empty"},{"ancestorTitles":["DraftailEditor","source","onCompleteSource"],"failureMessages":[],"fullName":"DraftailEditor source onCompleteSource works","location":null,"status":"passed","title":"works"},{"ancestorTitles":["DraftailEditor","onCloseSource"],"failureMessages":[],"fullName":"DraftailEditor onCloseSource works","location":null,"status":"passed","title":"works"},{"ancestorTitles":["DraftailEditor","#focus"],"failureMessages":[],"fullName":"DraftailEditor #focus works","location":null,"status":"passed","title":"works"}],"endTime":1538236971012,"message":"","name":"/home/travis/build/springload/draftail/lib/components/DraftailEditor.test.js","startTime":1538236829967,"status":"passed","summary":""}],"wasInterrupted":false,"coverageMap":{"/home/travis/build/springload/draftail/lib/utils/getComponentWrapper.js":{"path":"/home/travis/build/springload/draftail/lib/utils/getComponentWrapper.js","statementMap":{"0":{"start":{"line":6,"column":28},"end":{"line":10,"column":1}},"1":{"start":{"line":7,"column":18},"end":{"line":7,"column":69}},"2":{"start":{"line":7,"column":29},"end":{"line":7,"column":69}},"3":{"start":{"line":9,"column":2},"end":{"line":9,"column":17}}},"fnMap":{"0":{"name":"(anonymous_0)","decl":{"start":{"line":6,"column":28},"end":{"line":6,"column":29}},"loc":{"start":{"line":6,"column":55},"end":{"line":10,"column":1}},"line":6},"1":{"name":"(anonymous_1)","decl":{"start":{"line":7,"column":18},"end":{"line":7,"column":19}},"loc":{"start":{"line":7,"column":29},"end":{"line":7,"column":69}},"line":7}},"branchMap":{},"s":{"0":6,"1":2,"2":1,"3":2},"f":{"0":2,"1":1},"b":{},"_coverageSchema":"332fd63041d2c1bcb487cc26dd0d5f7d97098a6c","hash":"f1eec51b6cbc7ec865634a1b3ecb68d85a506d5d"},"/home/travis/build/springload/draftail/lib/components/Icon.js":{"path":"/home/travis/build/springload/draftail/lib/components/Icon.js","statementMap":{"0":{"start":{"line":7,"column":13},"end":{"line":37,"column":1}},"1":{"start":{"line":8,"column":22},"end":{"line":8,"column":46}},"2":{"start":{"line":11,"column":2},"end":{"line":22,"column":3}},"3":{"start":{"line":12,"column":4},"end":{"line":16,"column":5}},"4":{"start":{"line":13,"column":6},"end":{"line":13,"column":42}},"5":{"start":{"line":15,"column":6},"end":{"line":15,"column":35}},"6":{"start":{"line":17,"column":9},"end":{"line":22,"column":3}},"7":{"start":{"line":19,"column":4},"end":{"line":19,"column":58}},"8":{"start":{"line":19,"column":34},"end":{"line":19,"column":56}},"9":{"start":{"line":21,"column":4},"end":{"line":21,"column":16}},"10":{"start":{"line":24,"column":2},"end":{"line":36,"column":4}},"11":{"start":{"line":39,"column":0},"end":{"line":51,"column":2}},"12":{"start":{"line":53,"column":0},"end":{"line":56,"column":2}}},"fnMap":{"0":{"name":"(anonymous_0)","decl":{"start":{"line":7,"column":13},"end":{"line":7,"column":14}},"loc":{"start":{"line":7,"column":45},"end":{"line":37,"column":1}},"line":7},"1":{"name":"(anonymous_1)","decl":{"start":{"line":19,"column":24},"end":{"line":19,"column":25}},"loc":{"start":{"line":19,"column":34},"end":{"line":19,"column":56}},"line":19}},"branchMap":{"0":{"loc":{"start":{"line":11,"column":2},"end":{"line":22,"column":3}},"type":"if","locations":[{"start":{"line":11,"column":2},"end":{"line":22,"column":3}},{"start":{"line":11,"column":2},"end":{"line":22,"column":3}}],"line":11},"1":{"loc":{"start":{"line":12,"column":4},"end":{"line":16,"column":5}},"type":"if","locations":[{"start":{"line":12,"column":4},"end":{"line":16,"column":5}},{"start":{"line":12,"column":4},"end":{"line":16,"column":5}}],"line":12},"2":{"loc":{"start":{"line":17,"column":9},"end":{"line":22,"column":3}},"type":"if","locations":[{"start":{"line":17,"column":9},"end":{"line":22,"column":3}},{"start":{"line":17,"column":9},"end":{"line":22,"column":3}}],"line":17},"3":{"loc":{"start":{"line":29,"column":34},"end":{"line":29,"column":49}},"type":"binary-expr","locations":[{"start":{"line":29,"column":34},"end":{"line":29,"column":43}},{"start":{"line":29,"column":47},"end":{"line":29,"column":49}}],"line":29},"4":{"loc":{"start":{"line":30,"column":19},"end":{"line":30,"column":38}},"type":"cond-expr","locations":[{"start":{"line":30,"column":27},"end":{"line":30,"column":31}},{"start":{"line":30,"column":34},"end":{"line":30,"column":38}}],"line":30},"5":{"loc":{"start":{"line":31,"column":12},"end":{"line":31,"column":32}},"type":"cond-expr","locations":[{"start":{"line":31,"column":20},"end":{"line":31,"column":25}},{"start":{"line":31,"column":28},"end":{"line":31,"column":32}}],"line":31},"6":{"loc":{"start":{"line":32,"column":18},"end":{"line":32,"column":31}},"type":"binary-expr","locations":[{"start":{"line":32,"column":18},"end":{"line":32,"column":23}},{"start":{"line":32,"column":27},"end":{"line":32,"column":31}}],"line":32}},"s":{"0":9,"1":10,"2":10,"3":8,"4":5,"5":3,"6":2,"7":1,"8":2,"9":1,"10":9,"11":9,"12":9},"f":{"0":10,"1":2},"b":{"0":[8,2],"1":[5,3],"2":[1,1],"3":[9,8],"4":[1,8],"5":[1,8],"6":[9,8]},"_coverageSchema":"332fd63041d2c1bcb487cc26dd0d5f7d97098a6c","hash":"55eb0ae69c3689c06141d762a6682d063f3bc3fc"},"/home/travis/build/springload/draftail/lib/blocks/DividerBlock.js":{"path":"/home/travis/build/springload/draftail/lib/blocks/DividerBlock.js","statementMap":{"0":{"start":{"line":6,"column":21},"end":{"line":6,"column":67}},"1":{"start":{"line":6,"column":27},"end":{"line":6,"column":67}}},"fnMap":{"0":{"name":"(anonymous_0)","decl":{"start":{"line":6,"column":21},"end":{"line":6,"column":22}},"loc":{"start":{"line":6,"column":27},"end":{"line":6,"column":67}},"line":6}},"branchMap":{},"s":{"0":6,"1":1},"f":{"0":1},"b":{},"_coverageSchema":"332fd63041d2c1bcb487cc26dd0d5f7d97098a6c","hash":"3a59d8399f7f02add6a751e8bc9ea2bc9bc24d6c"},"/home/travis/build/springload/draftail/lib/components/ToolbarGroup.js":{"path":"/home/travis/build/springload/draftail/lib/components/ToolbarGroup.js","statementMap":{"0":{"start":{"line":4,"column":21},"end":{"line":9,"column":1}},"1":{"start":{"line":5,"column":22},"end":{"line":5,"column":78}},"2":{"start":{"line":5,"column":67},"end":{"line":5,"column":77}},"3":{"start":{"line":6,"column":2},"end":{"line":8,"column":11}},"4":{"start":{"line":11,"column":0},"end":{"line":13,"column":2}},"5":{"start":{"line":15,"column":0},"end":{"line":17,"column":2}}},"fnMap":{"0":{"name":"(anonymous_0)","decl":{"start":{"line":4,"column":21},"end":{"line":4,"column":22}},"loc":{"start":{"line":4,"column":39},"end":{"line":9,"column":1}},"line":4},"1":{"name":"(anonymous_1)","decl":{"start":{"line":5,"column":60},"end":{"line":5,"column":61}},"loc":{"start":{"line":5,"column":67},"end":{"line":5,"column":77}},"line":5}},"branchMap":{"0":{"loc":{"start":{"line":6,"column":9},"end":{"line":8,"column":10}},"type":"cond-expr","locations":[{"start":{"line":7,"column":4},"end":{"line":7,"column":59}},{"start":{"line":8,"column":6},"end":{"line":8,"column":10}}],"line":6}},"s":{"0":8,"1":129,"2":17,"3":129,"4":8,"5":8},"f":{"0":129,"1":17},"b":{"0":[17,112]},"_coverageSchema":"332fd63041d2c1bcb487cc26dd0d5f7d97098a6c","hash":"d9e1947d9f6ed60da091b553246beb2a0cc261bc"},"/home/travis/build/springload/draftail/examples/components/Tooltip.js":{"path":"/home/travis/build/springload/draftail/examples/components/Tooltip.js","statementMap":{"0":{"start":{"line":4,"column":12},"end":{"line":4,"column":17}},"1":{"start":{"line":5,"column":13},"end":{"line":5,"column":19}},"2":{"start":{"line":6,"column":17},"end":{"line":6,"column":27}},"3":{"start":{"line":8,"column":25},"end":{"line":29,"column":1}},"4":{"start":{"line":9,"column":14},"end":{"line":9,"column":45}},"5":{"start":{"line":10,"column":15},"end":{"line":10,"column":47}},"6":{"start":{"line":11,"column":2},"end":{"line":28,"column":3}},"7":{"start":{"line":13,"column":6},"end":{"line":16,"column":8}},"8":{"start":{"line":18,"column":6},"end":{"line":21,"column":8}},"9":{"start":{"line":24,"column":6},"end":{"line":27,"column":8}},"10":{"start":{"line":34,"column":16},"end":{"line":42,"column":1}},"11":{"start":{"line":35,"column":2},"end":{"line":41,"column":8}},"12":{"start":{"line":44,"column":0},"end":{"line":53,"column":2}}},"fnMap":{"0":{"name":"(anonymous_0)","decl":{"start":{"line":8,"column":25},"end":{"line":8,"column":26}},"loc":{"start":{"line":8,"column":48},"end":{"line":29,"column":1}},"line":8},"1":{"name":"(anonymous_1)","decl":{"start":{"line":34,"column":16},"end":{"line":34,"column":17}},"loc":{"start":{"line":35,"column":2},"end":{"line":41,"column":8}},"line":35}},"branchMap":{"0":{"loc":{"start":{"line":11,"column":2},"end":{"line":28,"column":3}},"type":"switch","locations":[{"start":{"line":12,"column":4},"end":{"line":16,"column":8}},{"start":{"line":17,"column":4},"end":{"line":21,"column":8}},{"start":{"line":22,"column":4},"end":{"line":22,"column":18}},{"start":{"line":23,"column":4},"end":{"line":27,"column":8}}],"line":11}},"s":{"0":4,"1":4,"2":4,"3":4,"4":5,"5":5,"6":5,"7":1,"8":2,"9":2,"10":4,"11":5,"12":4},"f":{"0":5,"1":5},"b":{"0":[1,2,2,2]},"_coverageSchema":"332fd63041d2c1bcb487cc26dd0d5f7d97098a6c","hash":"eef3da7336a08d7904eaa9b2a2ecb0135dff0aca"},"/home/travis/build/springload/draftail/examples/components/Portal.js":{"path":"/home/travis/build/springload/draftail/examples/components/Portal.js","statementMap":{"0":{"start":{"line":7,"column":4},"end":{"line":7,"column":17}},"1":{"start":{"line":9,"column":4},"end":{"line":9,"column":53}},"2":{"start":{"line":13,"column":66},"end":{"line":13,"column":76}},"3":{"start":{"line":15,"column":4},"end":{"line":32,"column":5}},"4":{"start":{"line":16,"column":6},"end":{"line":16,"column":50}},"5":{"start":{"line":17,"column":6},"end":{"line":17,"column":45}},"6":{"start":{"line":19,"column":6},"end":{"line":31,"column":7}},"7":{"start":{"line":20,"column":8},"end":{"line":22,"column":9}},"8":{"start":{"line":21,"column":10},"end":{"line":21,"column":66}},"9":{"start":{"line":24,"column":8},"end":{"line":26,"column":9}},"10":{"start":{"line":25,"column":10},"end":{"line":25,"column":64}},"11":{"start":{"line":28,"column":8},"end":{"line":30,"column":9}},"12":{"start":{"line":29,"column":10},"end":{"line":29,"column":53}},"13":{"start":{"line":34,"column":4},"end":{"line":34,"column":30}},"14":{"start":{"line":38,"column":25},"end":{"line":38,"column":35}},"15":{"start":{"line":40,"column":4},"end":{"line":40,"column":56}},"16":{"start":{"line":44,"column":24},"end":{"line":44,"column":34}},"17":{"start":{"line":46,"column":4},"end":{"line":46,"column":43}},"18":{"start":{"line":48,"column":4},"end":{"line":48,"column":63}},"19":{"start":{"line":49,"column":4},"end":{"line":49,"column":61}},"20":{"start":{"line":50,"column":4},"end":{"line":50,"column":50}},"21":{"start":{"line":54,"column":24},"end":{"line":54,"column":34}},"22":{"start":{"line":56,"column":4},"end":{"line":58,"column":5}},"23":{"start":{"line":57,"column":6},"end":{"line":57,"column":16}},"24":{"start":{"line":62,"column":4},"end":{"line":62,"column":16}},"25":{"start":{"line":66,"column":0},"end":{"line":72,"column":2}},"26":{"start":{"line":74,"column":0},"end":{"line":80,"column":2}}},"fnMap":{"0":{"name":"(anonymous_0)","decl":{"start":{"line":6,"column":2},"end":{"line":6,"column":3}},"loc":{"start":{"line":6,"column":21},"end":{"line":10,"column":3}},"line":6},"1":{"name":"(anonymous_1)","decl":{"start":{"line":12,"column":2},"end":{"line":12,"column":3}},"loc":{"start":{"line":12,"column":22},"end":{"line":35,"column":3}},"line":12},"2":{"name":"(anonymous_2)","decl":{"start":{"line":37,"column":2},"end":{"line":37,"column":3}},"loc":{"start":{"line":37,"column":23},"end":{"line":41,"column":3}},"line":37},"3":{"name":"(anonymous_3)","decl":{"start":{"line":43,"column":2},"end":{"line":43,"column":3}},"loc":{"start":{"line":43,"column":25},"end":{"line":51,"column":3}},"line":43},"4":{"name":"(anonymous_4)","decl":{"start":{"line":53,"column":2},"end":{"line":53,"column":3}},"loc":{"start":{"line":53,"column":18},"end":{"line":59,"column":3}},"line":53},"5":{"name":"(anonymous_5)","decl":{"start":{"line":61,"column":2},"end":{"line":61,"column":3}},"loc":{"start":{"line":61,"column":11},"end":{"line":63,"column":3}},"line":61}},"branchMap":{"0":{"loc":{"start":{"line":15,"column":4},"end":{"line":32,"column":5}},"type":"if","locations":[{"start":{"line":15,"column":4},"end":{"line":32,"column":5}},{"start":{"line":15,"column":4},"end":{"line":32,"column":5}}],"line":15},"1":{"loc":{"start":{"line":19,"column":6},"end":{"line":31,"column":7}},"type":"if","locations":[{"start":{"line":19,"column":6},"end":{"line":31,"column":7}},{"start":{"line":19,"column":6},"end":{"line":31,"column":7}}],"line":19},"2":{"loc":{"start":{"line":20,"column":8},"end":{"line":22,"column":9}},"type":"if","locations":[{"start":{"line":20,"column":8},"end":{"line":22,"column":9}},{"start":{"line":20,"column":8},"end":{"line":22,"column":9}}],"line":20},"3":{"loc":{"start":{"line":24,"column":8},"end":{"line":26,"column":9}},"type":"if","locations":[{"start":{"line":24,"column":8},"end":{"line":26,"column":9}},{"start":{"line":24,"column":8},"end":{"line":26,"column":9}}],"line":24},"4":{"loc":{"start":{"line":28,"column":8},"end":{"line":30,"column":9}},"type":"if","locations":[{"start":{"line":28,"column":8},"end":{"line":30,"column":9}},{"start":{"line":28,"column":8},"end":{"line":30,"column":9}}],"line":28},"5":{"loc":{"start":{"line":56,"column":4},"end":{"line":58,"column":5}},"type":"if","locations":[{"start":{"line":56,"column":4},"end":{"line":58,"column":5}},{"start":{"line":56,"column":4},"end":{"line":58,"column":5}}],"line":56}},"s":{"0":10,"1":10,"2":12,"3":12,"4":10,"5":10,"6":10,"7":8,"8":3,"9":8,"10":3,"11":8,"12":3,"13":12,"14":12,"15":12,"16":1,"17":1,"18":1,"19":1,"20":1,"21":2,"22":2,"23":1,"24":10,"25":4,"26":4},"f":{"0":10,"1":12,"2":12,"3":1,"4":2,"5":10},"b":{"0":[10,2],"1":[8,2],"2":[3,5],"3":[3,5],"4":[3,5],"5":[1,1]},"_coverageSchema":"332fd63041d2c1bcb487cc26dd0d5f7d97098a6c","hash":"29f1487f02db13ec8289fd688dc795429c73813b"},"/home/travis/build/springload/draftail/lib/components/ToolbarButton.js":{"path":"/home/travis/build/springload/draftail/lib/components/ToolbarButton.js","statementMap":{"0":{"start":{"line":12,"column":4},"end":{"line":12,"column":17}},"1":{"start":{"line":14,"column":4},"end":{"line":16,"column":6}},"2":{"start":{"line":18,"column":4},"end":{"line":18,"column":51}},"3":{"start":{"line":19,"column":4},"end":{"line":19,"column":53}},"4":{"start":{"line":23,"column":30},"end":{"line":23,"column":40}},"5":{"start":{"line":25,"column":4},"end":{"line":25,"column":23}},"6":{"start":{"line":27,"column":4},"end":{"line":29,"column":7}},"7":{"start":{"line":31,"column":4},"end":{"line":31,"column":18}},"8":{"start":{"line":35,"column":4},"end":{"line":37,"column":7}},"9":{"start":{"line":41,"column":49},"end":{"line":41,"column":59}},"10":{"start":{"line":42,"column":35},"end":{"line":42,"column":45}},"11":{"start":{"line":44,"column":4},"end":{"line":62,"column":6}},"12":{"start":{"line":66,"column":0},"end":{"line":77,"column":2}},"13":{"start":{"line":79,"column":0},"end":{"line":86,"column":2}}},"fnMap":{"0":{"name":"(anonymous_0)","decl":{"start":{"line":11,"column":2},"end":{"line":11,"column":3}},"loc":{"start":{"line":11,"column":21},"end":{"line":20,"column":3}},"line":11},"1":{"name":"(anonymous_1)","decl":{"start":{"line":22,"column":2},"end":{"line":22,"column":3}},"loc":{"start":{"line":22,"column":17},"end":{"line":32,"column":3}},"line":22},"2":{"name":"(anonymous_2)","decl":{"start":{"line":34,"column":2},"end":{"line":34,"column":3}},"loc":{"start":{"line":34,"column":17},"end":{"line":38,"column":3}},"line":34},"3":{"name":"(anonymous_3)","decl":{"start":{"line":40,"column":2},"end":{"line":40,"column":3}},"loc":{"start":{"line":40,"column":11},"end":{"line":63,"column":3}},"line":40},"4":{"name":"(anonymous_4)","decl":{"start":{"line":85,"column":11},"end":{"line":85,"column":12}},"loc":{"start":{"line":85,"column":17},"end":{"line":85,"column":19}},"line":85}},"branchMap":{"0":{"loc":{"start":{"line":48,"column":10},"end":{"line":48,"column":57}},"type":"cond-expr","locations":[{"start":{"line":48,"column":19},"end":{"line":48,"column":52}},{"start":{"line":48,"column":55},"end":{"line":48,"column":57}}],"line":48},"1":{"loc":{"start":{"line":51,"column":20},"end":{"line":51,"column":33}},"type":"binary-expr","locations":[{"start":{"line":51,"column":20},"end":{"line":51,"column":25}},{"start":{"line":51,"column":29},"end":{"line":51,"column":33}}],"line":51},"2":{"loc":{"start":{"line":52,"column":31},"end":{"line":52,"column":72}},"type":"cond-expr","locations":[{"start":{"line":52,"column":61},"end":{"line":52,"column":65}},{"start":{"line":52,"column":68},"end":{"line":52,"column":72}}],"line":52},"3":{"loc":{"start":{"line":52,"column":31},"end":{"line":52,"column":58}},"type":"binary-expr","locations":[{"start":{"line":52,"column":31},"end":{"line":52,"column":36}},{"start":{"line":52,"column":40},"end":{"line":52,"column":58}}],"line":52},"4":{"loc":{"start":{"line":57,"column":9},"end":{"line":57,"column":43}},"type":"cond-expr","locations":[{"start":{"line":57,"column":16},"end":{"line":57,"column":36}},{"start":{"line":57,"column":39},"end":{"line":57,"column":43}}],"line":57},"5":{"loc":{"start":{"line":58,"column":9},"end":{"line":60,"column":16}},"type":"cond-expr","locations":[{"start":{"line":59,"column":10},"end":{"line":59,"column":72}},{"start":{"line":60,"column":12},"end":{"line":60,"column":16}}],"line":58}},"s":{"0":30,"1":30,"2":30,"3":30,"4":2,"5":2,"6":2,"7":2,"8":1,"9":33,"10":33,"11":33,"12":8,"13":8},"f":{"0":30,"1":2,"2":1,"3":33,"4":1},"b":{"0":[1,32],"1":[33,19],"2":[14,19],"3":[33,14],"4":[4,29],"5":[22,11]},"_coverageSchema":"332fd63041d2c1bcb487cc26dd0d5f7d97098a6c","hash":"b88bb865d6ac8b1b2c424c7baf0778e98aedb01d"},"/home/travis/build/springload/draftail/lib/api/constants.js":{"path":"/home/travis/build/springload/draftail/lib/api/constants.js","statementMap":{"0":{"start":{"line":4,"column":26},"end":{"line":19,"column":1}},"1":{"start":{"line":21,"column":27},"end":{"line":25,"column":1}},"2":{"start":{"line":28,"column":28},"end":{"line":43,"column":1}},"3":{"start":{"line":45,"column":27},"end":{"line":45,"column":52}},"4":{"start":{"line":46,"column":28},"end":{"line":46,"column":54}},"5":{"start":{"line":47,"column":29},"end":{"line":47,"column":56}},"6":{"start":{"line":50,"column":2},"end":{"line":50,"column":140}},"7":{"start":{"line":53,"column":32},"end":{"line":53,"column":34}},"8":{"start":{"line":54,"column":0},"end":{"line":55,"column":45}},"9":{"start":{"line":56,"column":0},"end":{"line":57,"column":47}},"10":{"start":{"line":58,"column":0},"end":{"line":59,"column":54}},"11":{"start":{"line":60,"column":0},"end":{"line":61,"column":50}},"12":{"start":{"line":63,"column":0},"end":{"line":70,"column":2}},"13":{"start":{"line":72,"column":0},"end":{"line":74,"column":2}},"14":{"start":{"line":75,"column":0},"end":{"line":77,"column":2}},"15":{"start":{"line":78,"column":0},"end":{"line":80,"column":2}},"16":{"start":{"line":81,"column":0},"end":{"line":83,"column":2}},"17":{"start":{"line":84,"column":0},"end":{"line":86,"column":2}},"18":{"start":{"line":87,"column":0},"end":{"line":89,"column":2}},"19":{"start":{"line":90,"column":0},"end":{"line":102,"column":2}},"20":{"start":{"line":103,"column":0},"end":{"line":107,"column":2}},"21":{"start":{"line":108,"column":0},"end":{"line":112,"column":2}},"22":{"start":{"line":114,"column":23},"end":{"line":114,"column":27}},"23":{"start":{"line":116,"column":25},"end":{"line":116,"column":31}},"24":{"start":{"line":117,"column":25},"end":{"line":117,"column":31}},"25":{"start":{"line":120,"column":25},"end":{"line":138,"column":1}},"26":{"start":{"line":140,"column":31},"end":{"line":154,"column":1}},"27":{"start":{"line":156,"column":32},"end":{"line":156,"column":34}},"28":{"start":{"line":158,"column":0},"end":{"line":158,"column":54}},"29":{"start":{"line":160,"column":22},"end":{"line":160,"column":24}},"30":{"start":{"line":162,"column":0},"end":{"line":162,"column":34}},"31":{"start":{"line":163,"column":0},"end":{"line":163,"column":37}},"32":{"start":{"line":164,"column":0},"end":{"line":164,"column":37}},"33":{"start":{"line":165,"column":0},"end":{"line":165,"column":39}},"34":{"start":{"line":166,"column":0},"end":{"line":166,"column":38}},"35":{"start":{"line":167,"column":0},"end":{"line":167,"column":38}},"36":{"start":{"line":168,"column":0},"end":{"line":168,"column":37}},"37":{"start":{"line":169,"column":0},"end":{"line":169,"column":46}},"38":{"start":{"line":170,"column":0},"end":{"line":170,"column":44}},"39":{"start":{"line":171,"column":0},"end":{"line":171,"column":32}},"40":{"start":{"line":172,"column":0},"end":{"line":172,"column":36}},"41":{"start":{"line":174,"column":0},"end":{"line":174,"column":32}},"42":{"start":{"line":175,"column":0},"end":{"line":175,"column":35}},"43":{"start":{"line":176,"column":0},"end":{"line":176,"column":34}},"44":{"start":{"line":177,"column":0},"end":{"line":177,"column":37}},"45":{"start":{"line":178,"column":0},"end":{"line":178,"column":41}},"46":{"start":{"line":179,"column":0},"end":{"line":179,"column":32}},"47":{"start":{"line":180,"column":0},"end":{"line":180,"column":37}},"48":{"start":{"line":181,"column":0},"end":{"line":181,"column":41}},"49":{"start":{"line":182,"column":0},"end":{"line":182,"column":41}},"50":{"start":{"line":183,"column":0},"end":{"line":183,"column":36}},"51":{"start":{"line":184,"column":0},"end":{"line":184,"column":36}},"52":{"start":{"line":185,"column":0},"end":{"line":185,"column":41}},"53":{"start":{"line":186,"column":0},"end":{"line":186,"column":39}},"54":{"start":{"line":187,"column":0},"end":{"line":187,"column":36}},"55":{"start":{"line":189,"column":0},"end":{"line":189,"column":32}},"56":{"start":{"line":190,"column":0},"end":{"line":190,"column":33}},"57":{"start":{"line":191,"column":0},"end":{"line":191,"column":42}},"58":{"start":{"line":192,"column":0},"end":{"line":192,"column":22}},"59":{"start":{"line":194,"column":0},"end":{"line":194,"column":24}},"60":{"start":{"line":195,"column":0},"end":{"line":195,"column":24}},"61":{"start":{"line":197,"column":28},"end":{"line":197,"column":30}},"62":{"start":{"line":199,"column":0},"end":{"line":199,"column":48}},"63":{"start":{"line":200,"column":0},"end":{"line":200,"column":50}},"64":{"start":{"line":201,"column":0},"end":{"line":201,"column":50}},"65":{"start":{"line":202,"column":0},"end":{"line":202,"column":52}},"66":{"start":{"line":203,"column":0},"end":{"line":203,"column":51}},"67":{"start":{"line":204,"column":0},"end":{"line":204,"column":51}},"68":{"start":{"line":205,"column":0},"end":{"line":205,"column":50}},"69":{"start":{"line":206,"column":0},"end":{"line":206,"column":63}},"70":{"start":{"line":207,"column":0},"end":{"line":207,"column":61}},"71":{"start":{"line":208,"column":0},"end":{"line":208,"column":51}},"72":{"start":{"line":209,"column":0},"end":{"line":209,"column":45}},"73":{"start":{"line":211,"column":0},"end":{"line":211,"column":41}},"74":{"start":{"line":212,"column":0},"end":{"line":212,"column":45}},"75":{"start":{"line":213,"column":0},"end":{"line":213,"column":41}},"76":{"start":{"line":214,"column":0},"end":{"line":214,"column":51}},"77":{"start":{"line":215,"column":0},"end":{"line":215,"column":59}},"78":{"start":{"line":216,"column":0},"end":{"line":216,"column":46}},"79":{"start":{"line":217,"column":0},"end":{"line":217,"column":58}},"80":{"start":{"line":218,"column":0},"end":{"line":218,"column":43}},"81":{"start":{"line":219,"column":0},"end":{"line":219,"column":53}},"82":{"start":{"line":220,"column":0},"end":{"line":220,"column":47}},"83":{"start":{"line":221,"column":0},"end":{"line":221,"column":46}},"84":{"start":{"line":222,"column":0},"end":{"line":222,"column":53}},"85":{"start":{"line":223,"column":0},"end":{"line":223,"column":55}},"86":{"start":{"line":224,"column":0},"end":{"line":224,"column":51}},"87":{"start":{"line":226,"column":0},"end":{"line":226,"column":40}},"88":{"start":{"line":227,"column":0},"end":{"line":227,"column":42}},"89":{"start":{"line":228,"column":0},"end":{"line":228,"column":62}},"90":{"start":{"line":230,"column":0},"end":{"line":230,"column":37}},"91":{"start":{"line":232,"column":0},"end":{"line":232,"column":33}},"92":{"start":{"line":233,"column":0},"end":{"line":233,"column":33}},"93":{"start":{"line":235,"column":34},"end":{"line":235,"column":36}},"94":{"start":{"line":237,"column":0},"end":{"line":237,"column":46}},"95":{"start":{"line":238,"column":0},"end":{"line":238,"column":48}},"96":{"start":{"line":239,"column":0},"end":{"line":239,"column":49}},"97":{"start":{"line":240,"column":0},"end":{"line":240,"column":52}},"98":{"start":{"line":241,"column":0},"end":{"line":241,"column":52}},"99":{"start":{"line":242,"column":0},"end":{"line":242,"column":53}},"100":{"start":{"line":243,"column":0},"end":{"line":243,"column":53}},"101":{"start":{"line":244,"column":0},"end":{"line":244,"column":57}},"102":{"start":{"line":245,"column":0},"end":{"line":245,"column":56}},"103":{"start":{"line":246,"column":0},"end":{"line":246,"column":48}},"104":{"start":{"line":247,"column":0},"end":{"line":247,"column":44}},"105":{"start":{"line":249,"column":0},"end":{"line":249,"column":78}},"106":{"start":{"line":250,"column":0},"end":{"line":250,"column":80}},"107":{"start":{"line":251,"column":0},"end":{"line":254,"column":2}},"108":{"start":{"line":255,"column":0},"end":{"line":258,"column":2}},"109":{"start":{"line":259,"column":0},"end":{"line":262,"column":2}},"110":{"start":{"line":263,"column":0},"end":{"line":266,"column":2}},"111":{"start":{"line":268,"column":0},"end":{"line":268,"column":77}},"112":{"start":{"line":270,"column":0},"end":{"line":270,"column":38}},"113":{"start":{"line":271,"column":0},"end":{"line":271,"column":58}},"114":{"start":{"line":273,"column":0},"end":{"line":273,"column":70}},"115":{"start":{"line":274,"column":0},"end":{"line":274,"column":78}},"116":{"start":{"line":276,"column":23},"end":{"line":276,"column":32}},"117":{"start":{"line":277,"column":27},"end":{"line":277,"column":40}}},"fnMap":{},"branchMap":{},"s":{"0":10,"1":10,"2":10,"3":10,"4":10,"5":10,"6":10,"7":10,"8":10,"9":10,"10":10,"11":10,"12":10,"13":10,"14":10,"15":10,"16":10,"17":10,"18":10,"19":10,"20":10,"21":10,"22":10,"23":10,"24":10,"25":10,"26":10,"27":10,"28":10,"29":10,"30":10,"31":10,"32":10,"33":10,"34":10,"35":10,"36":10,"37":10,"38":10,"39":10,"40":10,"41":10,"42":10,"43":10,"44":10,"45":10,"46":10,"47":10,"48":10,"49":10,"50":10,"51":10,"52":10,"53":10,"54":10,"55":10,"56":10,"57":10,"58":10,"59":10,"60":10,"61":10,"62":10,"63":10,"64":10,"65":10,"66":10,"67":10,"68":10,"69":10,"70":10,"71":10,"72":10,"73":10,"74":10,"75":10,"76":10,"77":10,"78":10,"79":10,"80":10,"81":10,"82":10,"83":10,"84":10,"85":10,"86":10,"87":10,"88":10,"89":10,"90":10,"91":10,"92":10,"93":10,"94":10,"95":10,"96":10,"97":10,"98":10,"99":10,"100":10,"101":10,"102":10,"103":10,"104":10,"105":10,"106":10,"107":10,"108":10,"109":10,"110":10,"111":10,"112":10,"113":10,"114":10,"115":10,"116":10,"117":10},"f":{},"b":{},"_coverageSchema":"332fd63041d2c1bcb487cc26dd0d5f7d97098a6c","hash":"44a1e3f9aa327a3994af19889dbf9d4f921618f8"},"/home/travis/build/springload/draftail/lib/api/conversion.js":{"path":"/home/travis/build/springload/draftail/lib/api/conversion.js","statementMap":{"0":{"start":{"line":8,"column":28},"end":{"line":8,"column":32}},"1":{"start":{"line":13,"column":31},"end":{"line":13,"column":65}},"2":{"start":{"line":16,"column":4},"end":{"line":24,"column":5}},"3":{"start":{"line":17,"column":27},"end":{"line":17,"column":58}},"4":{"start":{"line":18,"column":6},"end":{"line":21,"column":8}},"5":{"start":{"line":23,"column":6},"end":{"line":23,"column":64}},"6":{"start":{"line":26,"column":4},"end":{"line":26,"column":23}},"7":{"start":{"line":31,"column":25},"end":{"line":31,"column":56}},"8":{"start":{"line":32,"column":28},"end":{"line":32,"column":54}},"9":{"start":{"line":34,"column":20},"end":{"line":39,"column":5}},"10":{"start":{"line":36,"column":8},"end":{"line":38,"column":44}},"11":{"start":{"line":41,"column":4},"end":{"line":41,"column":59}}},"fnMap":{"0":{"name":"(anonymous_0)","decl":{"start":{"line":35,"column":6},"end":{"line":35,"column":7}},"loc":{"start":{"line":36,"column":8},"end":{"line":38,"column":44}},"line":36}},"branchMap":{"0":{"loc":{"start":{"line":16,"column":4},"end":{"line":24,"column":5}},"type":"if","locations":[{"start":{"line":16,"column":4},"end":{"line":24,"column":5}},{"start":{"line":16,"column":4},"end":{"line":24,"column":5}}],"line":16},"1":{"loc":{"start":{"line":36,"column":8},"end":{"line":38,"column":44}},"type":"binary-expr","locations":[{"start":{"line":36,"column":8},"end":{"line":36,"column":38}},{"start":{"line":37,"column":8},"end":{"line":37,"column":39}},{"start":{"line":38,"column":8},"end":{"line":38,"column":44}}],"line":36},"2":{"loc":{"start":{"line":41,"column":11},"end":{"line":41,"column":58}},"type":"cond-expr","locations":[{"start":{"line":41,"column":21},"end":{"line":41,"column":40}},{"start":{"line":41,"column":43},"end":{"line":41,"column":58}}],"line":41}},"s":{"0":6,"1":67,"2":67,"3":14,"4":14,"5":53,"6":67,"7":6,"8":6,"9":6,"10":6,"11":6},"f":{"0":6},"b":{"0":[14,53],"1":[6,5,5],"2":[5,1]},"_coverageSchema":"332fd63041d2c1bcb487cc26dd0d5f7d97098a6c","hash":"fd10fc5d496cdebda990fbcd46eed0ef16c08afe"},"/home/travis/build/springload/draftail/lib/components/Toolbar.js":{"path":"/home/travis/build/springload/draftail/lib/components/Toolbar.js","statementMap":{"0":{"start":{"line":7,"column":16},"end":{"line":25,"column":1}},"1":{"start":{"line":8,"column":49},"end":{"line":8,"column":54}},"2":{"start":{"line":9,"column":2},"end":{"line":24,"column":4}},"3":{"start":{"line":15,"column":10},"end":{"line":20,"column":12}},"4":{"start":{"line":27,"column":0},"end":{"line":31,"column":2}}},"fnMap":{"0":{"name":"(anonymous_0)","decl":{"start":{"line":7,"column":16},"end":{"line":7,"column":17}},"loc":{"start":{"line":7,"column":27},"end":{"line":25,"column":1}},"line":7},"1":{"name":"(anonymous_1)","decl":{"start":{"line":14,"column":22},"end":{"line":14,"column":23}},"loc":{"start":{"line":15,"column":10},"end":{"line":20,"column":12}},"line":15}},"branchMap":{},"s":{"0":6,"1":12,"2":12,"3":1,"4":6},"f":{"0":12,"1":1},"b":{},"_coverageSchema":"332fd63041d2c1bcb487cc26dd0d5f7d97098a6c","hash":"fe38adb7e717de92d7e699ace7fcf84138b8999e"},"/home/travis/build/springload/draftail/lib/components/ToolbarDefaults.js":{"path":"/home/travis/build/springload/draftail/lib/components/ToolbarDefaults.js","statementMap":{"0":{"start":{"line":17,"column":23},"end":{"line":18,"column":7}},"1":{"start":{"line":18,"column":2},"end":{"line":18,"column":7}},"2":{"start":{"line":20,"column":23},"end":{"line":30,"column":1}},"3":{"start":{"line":21,"column":22},"end":{"line":21,"column":56}},"4":{"start":{"line":22,"column":14},"end":{"line":22,"column":25}},"5":{"start":{"line":24,"column":2},"end":{"line":27,"column":3}},"6":{"start":{"line":25,"column":17},"end":{"line":25,"column":54}},"7":{"start":{"line":26,"column":4},"end":{"line":26,"column":59}},"8":{"start":{"line":29,"column":2},"end":{"line":29,"column":15}},"9":{"start":{"line":50,"column":8},"end":{"line":50,"column":18}},"10":{"start":{"line":51,"column":4},"end":{"line":153,"column":6}},"11":{"start":{"line":54,"column":10},"end":{"line":62,"column":12}},"12":{"start":{"line":68,"column":10},"end":{"line":76,"column":12}},"13":{"start":{"line":115,"column":10},"end":{"line":122,"column":12}},"14":{"start":{"line":157,"column":0},"end":{"line":229,"column":2}}},"fnMap":{"0":{"name":"(anonymous_0)","decl":{"start":{"line":17,"column":23},"end":{"line":17,"column":24}},"loc":{"start":{"line":18,"column":2},"end":{"line":18,"column":7}},"line":18},"1":{"name":"(anonymous_1)","decl":{"start":{"line":20,"column":23},"end":{"line":20,"column":24}},"loc":{"start":{"line":20,"column":67},"end":{"line":30,"column":1}},"line":20},"2":{"name":"(anonymous_2)","decl":{"start":{"line":33,"column":2},"end":{"line":33,"column":3}},"loc":{"start":{"line":33,"column":11},"end":{"line":154,"column":3}},"line":33},"3":{"name":"(anonymous_3)","decl":{"start":{"line":53,"column":26},"end":{"line":53,"column":27}},"loc":{"start":{"line":54,"column":10},"end":{"line":62,"column":12}},"line":54},"4":{"name":"(anonymous_4)","decl":{"start":{"line":67,"column":24},"end":{"line":67,"column":25}},"loc":{"start":{"line":68,"column":10},"end":{"line":76,"column":12}},"line":68},"5":{"name":"(anonymous_5)","decl":{"start":{"line":114,"column":25},"end":{"line":114,"column":26}},"loc":{"start":{"line":115,"column":10},"end":{"line":122,"column":12}},"line":115}},"branchMap":{"0":{"loc":{"start":{"line":17,"column":36},"end":{"line":17,"column":70}},"type":"default-arg","locations":[{"start":{"line":17,"column":44},"end":{"line":17,"column":70}}],"line":17},"1":{"loc":{"start":{"line":17,"column":44},"end":{"line":17,"column":70}},"type":"cond-expr","locations":[{"start":{"line":17,"column":51},"end":{"line":17,"column":55}},{"start":{"line":17,"column":58},"end":{"line":17,"column":70}}],"line":17},"2":{"loc":{"start":{"line":20,"column":30},"end":{"line":20,"column":62}},"type":"default-arg","locations":[{"start":{"line":20,"column":44},"end":{"line":20,"column":62}}],"line":20},"3":{"loc":{"start":{"line":24,"column":2},"end":{"line":27,"column":3}},"type":"if","locations":[{"start":{"line":24,"column":2},"end":{"line":27,"column":3}},{"start":{"line":24,"column":2},"end":{"line":27,"column":3}}],"line":24},"4":{"loc":{"start":{"line":25,"column":17},"end":{"line":25,"column":54}},"type":"cond-expr","locations":[{"start":{"line":25,"column":31},"end":{"line":25,"column":49}},{"start":{"line":25,"column":52},"end":{"line":25,"column":54}}],"line":25},"5":{"loc":{"start":{"line":81,"column":9},"end":{"line":96,"column":16}},"type":"cond-expr","locations":[{"start":{"line":82,"column":10},"end":{"line":95,"column":12}},{"start":{"line":96,"column":12},"end":{"line":96,"column":16}}],"line":81},"6":{"loc":{"start":{"line":98,"column":9},"end":{"line":110,"column":16}},"type":"cond-expr","locations":[{"start":{"line":99,"column":10},"end":{"line":109,"column":12}},{"start":{"line":110,"column":12},"end":{"line":110,"column":16}}],"line":98},"7":{"loc":{"start":{"line":127,"column":9},"end":{"line":138,"column":16}},"type":"cond-expr","locations":[{"start":{"line":128,"column":10},"end":{"line":137,"column":12}},{"start":{"line":138,"column":12},"end":{"line":138,"column":16}}],"line":127},"8":{"loc":{"start":{"line":140,"column":9},"end":{"line":151,"column":16}},"type":"cond-expr","locations":[{"start":{"line":141,"column":10},"end":{"line":150,"column":12}},{"start":{"line":151,"column":12},"end":{"line":151,"column":16}}],"line":140}},"s":{"0":7,"1":22,"2":7,"3":22,"4":22,"5":22,"6":13,"7":13,"8":22,"9":24,"10":24,"11":8,"12":3,"13":3,"14":7},"f":{"0":22,"1":22,"2":24,"3":8,"4":3,"5":3},"b":{"0":[8],"1":[1,7],"2":[16],"3":[13,9],"4":[12,1],"5":[2,22],"6":[2,22],"7":[2,22],"8":[2,22]},"_coverageSchema":"332fd63041d2c1bcb487cc26dd0d5f7d97098a6c","hash":"4b596e60e3a7b619bdae4a0e81829aaa86c0f1fa"},"/home/travis/build/springload/draftail/lib/api/behavior.js":{"path":"/home/travis/build/springload/draftail/lib/api/behavior.js","statementMap":{"0":{"start":{"line":20,"column":51},"end":{"line":20,"column":65}},"1":{"start":{"line":21,"column":15},"end":{"line":21,"column":33}},"2":{"start":{"line":25,"column":18},"end":{"line":25,"column":67}},"3":{"start":{"line":35,"column":20},"end":{"line":35,"column":46}},"4":{"start":{"line":39,"column":4},"end":{"line":44,"column":5}},"5":{"start":{"line":39,"column":35},"end":{"line":39,"column":65}},"6":{"start":{"line":40,"column":6},"end":{"line":43,"column":9}},"7":{"start":{"line":46,"column":4},"end":{"line":50,"column":7}},"8":{"start":{"line":46,"column":33},"end":{"line":46,"column":46}},"9":{"start":{"line":47,"column":6},"end":{"line":49,"column":9}},"10":{"start":{"line":52,"column":4},"end":{"line":52,"column":21}},"11":{"start":{"line":59,"column":17},"end":{"line":59,"column":32}},"12":{"start":{"line":61,"column":4},"end":{"line":61,"column":65}},"13":{"start":{"line":68,"column":23},"end":{"line":72,"column":12}},"14":{"start":{"line":69,"column":6},"end":{"line":72,"column":12}},"15":{"start":{"line":70,"column":8},"end":{"line":70,"column":39}},"16":{"start":{"line":71,"column":8},"end":{"line":71,"column":23}},"17":{"start":{"line":74,"column":19},"end":{"line":74,"column":41}},"18":{"start":{"line":75,"column":19},"end":{"line":75,"column":43}},"19":{"start":{"line":76,"column":21},"end":{"line":76,"column":44}},"20":{"start":{"line":79,"column":25},"end":{"line":140,"column":5}},"21":{"start":{"line":82,"column":6},"end":{"line":103,"column":7}},"22":{"start":{"line":85,"column":8},"end":{"line":102,"column":9}},"23":{"start":{"line":87,"column":12},
[...]
143,"column":4},"end":{"line":146,"column":5}},"45":{"start":{"line":144,"column":6},"end":{"line":144,"column":28}},"46":{"start":{"line":145,"column":6},"end":{"line":145,"column":23}},"47":{"start":{"line":148,"column":21},"end":{"line":153,"column":6}},"48":{"start":{"line":154,"column":28},"end":{"line":156,"column":6}},"49":{"start":{"line":157,"column":30},"end":{"line":160,"column":6}},"50":{"start":{"line":162,"column":4},"end":{"line":167,"column":6}},"51":{"start":{"line":174,"column":20},"end":{"line":174,"column":51}},"52":{"start":{"line":175,"column":21},"end":{"line":175,"column":54}},"53":{"start":{"line":177,"column":4},"end":{"line":181,"column":7}},"54":{"start":{"line":189,"column":19},"end":{"line":189,"column":30}},"55":{"start":{"line":191,"column":20},"end":{"line":191,"column":51}},"56":{"start":{"line":192,"column":21},"end":{"line":192,"column":42}},"57":{"start":{"line":193,"column":18},"end":{"line":193,"column":40}},"58":{"start":{"line":195,"column":21},"end":{"line":201,"column":6}},"59":{"start":{"line":203,"column":25},"end":{"line":208,"column":6}},"60":{"start":{"line":210,"column":23},"end":{"line":212,"column":6}},"61":{"start":{"line":214,"column":4},"end":{"line":214,"column":75}},"62":{"start":{"line":215,"column":4},"end":{"line":215,"column":66}},"63":{"start":{"line":217,"column":4},"end":{"line":217,"column":20}},"64":{"start":{"line":226,"column":22},"end":{"line":226,"column":48}},"65":{"start":{"line":227,"column":20},"end":{"line":227,"column":51}},"66":{"start":{"line":228,"column":16},"end":{"line":228,"column":40}},"67":{"start":{"line":229,"column":19},"end":{"line":229,"column":46}},"68":{"start":{"line":230,"column":18},"end":{"line":230,"column":45}},"69":{"start":{"line":233,"column":4},"end":{"line":239,"column":5}},"70":{"start":{"line":238,"column":6},"end":{"line":238,"column":76}},"71":{"start":{"line":241,"column":4},"end":{"line":241,"column":17}},"72":{"start":{"line":249,"column":21},"end":{"line":257,"column":5}},"73":{"start":{"line":250,"column":6},"end":{"line":256,"column":19}},"74":{"start":{"line":251,"column":26},"end":{"line":251,"column":47}},"75":{"start":{"line":252,"column":8},"end":{"line":255,"column":10}},"76":{"start":{"line":259,"column":4},"end":{"line":259,"column":20}},"77":{"start":{"line":268,"column":25},"end":{"line":268,"column":56}},"78":{"start":{"line":269,"column":4},"end":{"line":275,"column":6}},"79":{"start":{"line":285,"column":22},"end":{"line":285,"column":48}},"80":{"start":{"line":286,"column":21},"end":{"line":289,"column":5}},"81":{"start":{"line":290,"column":21},"end":{"line":290,"column":45}},"82":{"start":{"line":291,"column":21},"end":{"line":291,"column":44}},"83":{"start":{"line":292,"column":29},"end":{"line":292,"column":61}},"84":{"start":{"line":294,"column":21},"end":{"line":296,"column":39}},"85":{"start":{"line":298,"column":4},"end":{"line":300,"column":7}},"86":{"start":{"line":302,"column":4},"end":{"line":302,"column":68}},"87":{"start":{"line":310,"column":20},"end":{"line":310,"column":51}},"88":{"start":{"line":311,"column":22},"end":{"line":311,"column":48}},"89":{"start":{"line":313,"column":4},"end":{"line":315,"column":5}},"90":{"start":{"line":314,"column":6},"end":{"line":314,"column":54}},"91":{"start":{"line":317,"column":21},"end":{"line":317,"column":72}},"92":{"start":{"line":318,"column":21},"end":{"line":318,"column":51}},"93":{"start":{"line":319,"column":18},"end":{"line":319,"column":67}},"94":{"start":{"line":320,"column":4},"end":{"line":326,"column":6}},"95":{"start":{"line":327,"column":4},"end":{"line":327,"column":72}},"96":{"start":{"line":335,"column":22},"end":{"line":335,"column":48}},"97":{"start":{"line":337,"column":4},"end":{"line":339,"column":5}},"98":{"start":{"line":338,"column":6},"end":{"line":338,"column":19}},"99":{"start":{"line":341,"column":20},"end":{"line":341,"column":51}},"100":{"start":{"line":342,"column":21},"end":{"line":342,"column":44}},"101":{"start":{"line":343,"column":18},"end":{"line":343,"column":50}},"102":{"start":{"line":344,"column":22},"end":{"line":344,"column":37}},"103":{"start":{"line":345,"column":24},"end":{"line":348,"column":25}},"104":{"start":{"line":350,"column":4},"end":{"line":356,"column":5}},"105":{"start":{"line":355,"column":6},"end":{"line":355,"column":54}},"106":{"start":{"line":358,"column":4},"end":{"line":379,"column":5}},"107":{"start":{"line":359,"column":20},"end":{"line":359,"column":36}},"108":{"start":{"line":361,"column":6},"end":{"line":367,"column":7}},"109":{"start":{"line":362,"column":8},"end":{"line":366,"column":10}},"110":{"start":{"line":369,"column":23},"end":{"line":369,"column":44}},"111":{"start":{"line":370,"column":23},"end":{"line":370,"column":52}},"112":{"start":{"line":372,"column":6},"end":{"line":378,"column":8}},"113":{"start":{"line":381,"column":4},"end":{"line":381,"column":17}},"114":{"start":{"line":394,"column":4},"end":{"line":396,"column":5}},"115":{"start":{"line":395,"column":6},"end":{"line":395,"column":44}},"116":{"start":{"line":398,"column":20},"end":{"line":398,"column":51}},"117":{"start":{"line":399,"column":22},"end":{"line":399,"column":48}},"118":{"start":{"line":400,"column":16},"end":{"line":400,"column":39}},"119":{"start":{"line":401,"column":19},"end":{"line":401,"column":45}},"120":{"start":{"line":402,"column":18},"end":{"line":402,"column":45}},"121":{"start":{"line":404,"column":36},"end":{"line":404,"column":79}},"122":{"start":{"line":406,"column":4},"end":{"line":419,"column":5}},"123":{"start":{"line":408,"column":8},"end":{"line":408,"column":74}},"124":{"start":{"line":410,"column":6},"end":{"line":416,"column":7}},"125":{"start":{"line":411,"column":8},"end":{"line":415,"column":10}},"126":{"start":{"line":418,"column":6},"end":{"line":418,"column":19}},"127":{"start":{"line":421,"column":4},"end":{"line":421,"column":47}}},"fnMap":{"0":{"name":"(anonymous_0)","decl":{"start":{"line":71,"column":6},"end":{"line":71,"column":7}},"loc":{"start":{"line":71,"column":17},"end":{"line":71,"column":50}},"line":71},"1":{"name":"(anonymous_1)","decl":{"start":{"line":72,"column":6},"end":{"line":72,"column":7}},"loc":{"start":{"line":72,"column":22},"end":{"line":77,"column":7}},"line":72},"2":{"name":"(anonymous_2)","decl":{"start":{"line":249,"column":21},"end":{"line":249,"column":22}},"loc":{"start":{"line":249,"column":63},"end":{"line":257,"column":5}},"line":249},"3":{"name":"(anonymous_3)","decl":{"start":{"line":250,"column":36},"end":{"line":250,"column":37}},"loc":{"start":{"line":250,"column":51},"end":{"line":256,"column":7}},"line":250}},"branchMap":{"0":{"loc":{"start":{"line":39,"column":4},"end":{"line":43,"column":5}},"type":"if","locations":[{"start":{"line":39,"column":4},"end":{"line":43,"column":5}},{"start":{"line":39,"column":4},"end":{"line":43,"column":5}}],"line":39},"1":{"loc":{"start":{"line":39,"column":8},"end":{"line":39,"column":36}},"type":"binary-expr","locations":[{"start":{"line":39,"column":8},"end":{"line":39,"column":21}},{"start":{"line":39,"column":25},"end":{"line":39,"column":36}}],"line":39},"2":{"loc":{"start":{"line":41,"column":11},"end":{"line":43,"column":5}},"type":"if","locations":[{"start":{"line":41,"column":11},"end":{"line":43,"column":5}},{"start":{"line":41,"column":11},"end":{"line":43,"column":5}}],"line":41},"3":{"loc":{"start":{"line":48,"column":6},"end":{"line":51,"column":7}},"type":"if","locations":[{"start":{"line":48,"column":6},"end":{"line":51,"column":7}},{"start":{"line":48,"column":6},"end":{"line":51,"column":7}}],"line":48},"4":{"loc":{"start":{"line":52,"column":6},"end":{"line":57,"column":7}},"type":"if","locations":[{"start":{"line":52,"column":6},"end":{"line":57,"column":7}},{"start":{"line":52,"column":6},"end":{"line":57,"column":7}}],"line":52},"5":{"loc":{"start":{"line":54,"column":13},"end":{"line":57,"column":7}},"type":"if","locations":[{"start":{"line":54,"column":13},"end":{"line":57,"column":7}},{"start":{"line":54,"column":13},"end":{"line":57,"column":7}}],"line":54},"6":{"loc":{"start":{"line":233,"column":4},"end":{"line":239,"column":5}},"type":"if","locations":[{"start":{"line":233,"column":4},"end":{"line":239,"column":5}},{"start":{"line":233,"column":4},"end":{"line":239,"column":5}}],"line":233},"7":{"loc":{"start":{"line":234,"column":6},"end":{"line":236,"column":18}},"type":"binary-expr","locations":[{"start":{"line":234,"column":6},"end":{"line":234,"column":29}},{"start":{"line":235,"column":6},"end":{"line":235,"column":43}},{"start":{"line":236,"column":6},"end":{"line":236,"column":18}}],"line":234},"8":{"loc":{"start":{"line":253,"column":10},"end":{"line":254,"column":68}},"type":"binary-expr","locations":[{"start":{"line":253,"column":10},"end":{"line":253,"column":28}},{"start":{"line":254,"column":10},"end":{"line":254,"column":68}}],"line":253},"9":{"loc":{"start":{"line":270,"column":6},"end":{"line":274,"column":42}},"type":"binary-expr","locations":[{"start":{"line":270,"column":6},"end":{"line":270,"column":28}},{"start":{"line":271,"column":6},"end":{"line":274,"column":42}}],"line":270},"10":{"loc":{"start":{"line":313,"column":4},"end":{"line":315,"column":5}},"type":"if","locations":[{"start":{"line":313,"column":4},"end":{"line":315,"column":5}},{"start":{"line":313,"column":4},"end":{"line":315,"column":5}}],"line":313},"11":{"loc":{"start":{"line":337,"column":4},"end":{"line":339,"column":5}},"type":"if","locations":[{"start":{"line":337,"column":4},"end":{"line":339,"column":5}},{"start":{"line":337,"column":4},"end":{"line":339,"column":5}}],"line":337},"12":{"loc":{"start":{"line":350,"column":4},"end":{"line":356,"column":5}},"type":"if","locations":[{"start":{"line":350,"column":4},"end":{"line":356,"column":5}},{"start":{"line":350,"column":4},"end":{"line":356,"column":5}}],"line":350},"13":{"loc":{"start":{"line":351,"column":6},"end":{"line":353,"column":54}},"type":"binary-expr","locations":[{"start":{"line":351,"column":6},"end":{"line":351,"column":18}},{"start":{"line":352,"column":6},"end":{"line":352,"column":45}},{"start":{"line":353,"column":6},"end":{"line":353,"column":54}}],"line":351},"14":{"loc":{"start":{"line":358,"column":4},"end":{"line":379,"column":5}},"type":"if","locations":[{"start":{"line":358,"column":4},"end":{"line":379,"column":5}},{"start":{"line":358,"column":4},"end":{"line":379,"column":5}}],"line":358},"15":{"loc":{"start":{"line":358,"column":8},"end":{"line":358,"column":46}},"type":"binary-expr","locations":[{"start":{"line":358,"column":8},"end":{"line":358,"column":19}},{"start":{"line":358,"column":23},"end":{"line":358,"column":46}}],"line":358},"16":{"loc":{"start":{"line":361,"column":6},"end":{"line":367,"column":7}},"type":"if","locations":[{"start":{"line":361,"column":6},"end":{"line":367,"column":7}},{"start":{"line":361,"column":6},"end":{"line":367,"column":7}}],"line":361},"17":{"loc":{"start":{"line":394,"column":4},"end":{"line":396,"column":5}},"type":"if","locations":[{"start":{"line":394,"column":4},"end":{"line":396,"column":5}},{"start":{"line":394,"column":4},"end":{"line":396,"column":5}}],"line":394},"18":{"loc":{"start":{"line":406,"column":4},"end":{"line":419,"column":5}},"type":"if","locations":[{"start":{"line":406,"column":4},"end":{"line":419,"column":5}},{"start":{"line":406,"column":4},"end":{"line":419,"column":5}}],"line":406},"19":{"loc":{"start":{"line":408,"column":8},"end":{"line":408,"column":74}},"type":"binary-expr","locations":[{"start":{"line":408,"column":8},"end":{"line":408,"column":31}},{"start":{"line":408,"column":35},"end":{"line":408,"column":47}},{"start":{"line":408,"column":51},"end":{"line":408,"column":74}}],"line":408},"20":{"loc":{"start":{"line":410,"column":6},"end":{"line":416,"column":7}},"type":"if","locations":[{"start":{"line":410,"column":6},"end":{"line":416,"column":7}},{"start":{"line":410,"column":6},"end":{"line":416,"column":7}}],"line":410}},"s":{"0":111,"1":111,"2":111,"3":11,"4":11,"5":11,"6":11,"7":8,"8":3,"9":1,"10":11,"11":11,"12":14,"13":14,"14":6,"15":6,"16":8,"17":5,"18":3,"19":1,"20":1,"21":11,"22":1,"23":1,"24":1,"25":2,"26":1,"27":1,"28":1,"29":1,"30":1,"31":1,"32":3,"33":3,"34":3,"35":3,"36":3,"37":3,"38":3,"39":3,"40":3,"41":3,"42":3,"43":3,"44":3,"45":4,"46":4,"47":3,"48":3,"49":3,"50":3,"51":2,"52":2,"53":2,"54":2,"55":2,"56":2,"57":2,"58":2,"59":2,"60":2,"61":2,"62":2,"63":2,"64":5,"65":5,"66":5,"67":5,"68":5,"69":5,"70":1,"71":4,"72":1,"73":1,"74":1,"75":1,"76":1,"77":58,"78":58,"79":2,"80":2,"81":2,"82":2,"83":2,"84":2,"85":2,"86":2,"87":5,"88":5,"89":5,"90":3,"91":2,"92":2,"93":2,"94":2,"95":2,"96":9,"97":9,"98":1,"99":8,"100":8,"101":8,"102":8,"103":8,"104":8,"105":1,"106":7,"107":2,"108":2,"109":1,"110":1,"111":1,"112":1,"113":5,"114":6,"115":2,"116":4,"117":4,"118":4,"119":4,"120":4,"121":4,"122":4,"123":2,"124":2,"125":1,"126":1,"127":2},"f":{"0":2,"1":1,"2":1,"3":1},"b":{"0":[8,3],"1":[11,9],"2":[1,2],"3":[6,8],"4":[5,3],"5":[1,2],"6":[1,4],"7":[5,4,2],"8":[1,1],"9":[58,52],"10":[3,2],"11":[1,8],"12":[1,7],"13":[8,5,3],"14":[2,5],"15":[7,3],"16":[1,1],"17":[2,4],"18":[2,2],"19":[2,2,2],"20":[1,1]},"_coverageSchema":"332fd63041d2c1bcb487cc26dd0d5f7d97098a6c","hash":"188c1629ef8230c4a339914bf92aa3e1e1d030e2"},"/home/travis/build/springload/draftail/examples/blocks/EmbedBlock.js":{"path":"/home/travis/build/springload/draftail/examples/blocks/EmbedBlock.js","statementMap":{"0":{"start":{"line":9,"column":19},"end":{"line":39,"column":1}},"1":{"start":{"line":10,"column":25},"end":{"line":10,"column":30}},"2":{"start":{"line":11,"column":51},"end":{"line":11,"column":61}},"3":{"start":{"line":12,"column":36},"end":{"line":12,"column":52}},"4":{"start":{"line":14,"column":2},"end":{"line":38,"column":4}},"5":{"start":{"line":41,"column":0},"end":{"line":45,"column":2}}},"fnMap":{"0":{"name":"(anonymous_0)","decl":{"start":{"line":9,"column":19},"end":{"line":9,"column":20}},"loc":{"start":{"line":9,"column":30},"end":{"line":39,"column":1}},"line":9}},"branchMap":{},"s":{"0":1,"1":1,"2":1,"3":1,"4":1,"5":1},"f":{"0":1},"b":{},"_coverageSchema":"332fd63041d2c1bcb487cc26dd0d5f7d97098a6c","hash":"d052b147f3e1b9bbed68510a19fd945ba94e8571"},"/home/travis/build/springload/draftail/examples/blocks/MediaBlock.js":{"path":"/home/travis/build/springload/draftail/examples/blocks/MediaBlock.js","statementMap":{"0":{"start":{"line":10,"column":26},"end":{"line":10,"column":29}},"1":{"start":{"line":11,"column":24},"end":{"line":11,"column":26}},"2":{"start":{"line":12,"column":26},"end":{"line":12,"column":61}},"3":{"start":{"line":19,"column":4},"end":{"line":19,"column":17}},"4":{"start":{"line":21,"column":4},"end":{"line":23,"column":6}},"5":{"start":{"line":25,"column":4},"end":{"line":25,"column":51}},"6":{"start":{"line":26,"column":4},"end":{"line":26,"column":53}},"7":{"start":{"line":27,"column":4},"end":{"line":27,"column":55}},"8":{"start":{"line":31,"column":20},"end":{"line":31,"column":28}},"9":{"start":{"line":33,"column":4},"end":{"line":37,"column":7}},"10":{"start":{"line":41,"column":4},"end":{"line":41,"column":43}},"11":{"start":{"line":45,"column":25},"end":{"line":45,"column":35}},"12":{"start":{"line":46,"column":30},"end":{"line":46,"column":40}},"13":{"start":{"line":47,"column":21},"end":{"line":47,"column":71}},"14":{"start":{"line":48,"column":22},"end":{"line":48,"column":73}},"15":{"start":{"line":50,"column":4},"end":{"line":61,"column":6}},"16":{"start":{"line":65,"column":39},"end":{"line":65,"column":49}},"17":{"start":{"line":66,"column":30},"end":{"line":66,"column":40}},"18":{"start":{"line":67,"column":27},"end":{"line":67,"column":37}},"19":{"start":{"line":69,"column":4},"end":{"line":85,"column":6}},"20":{"start":{"line":89,"column":0},"end":{"line":97,"column":2}}},"fnMap":{"0":{"name":"(anonymous_0)","decl":{"start":{"line":18,"column":2},"end":{"line":18,"column":3}},"loc":{"start":{"line":18,"column":21},"end":{"line":28,"column":3}},"line":18},"1":{"name":"(anonymous_1)","decl":{"start":{"line":30,"column":2},"end":{"line":30,"column":3}},"loc":{"start":{"line":30,"column":17},"end":{"line":38,"column":3}},"line":30},"2":{"name":"(anonymous_2)","decl":{"start":{"line":40,"column":2},"end":{"line":40,"column":3}},"loc":{"start":{"line":40,"column":17},"end":{"line":42,"column":3}},"line":40},"3":{"name":"(anonymous_3)","decl":{"start":{"line":44,"column":2},"end":{"line":44,"column":3}},"loc":{"start":{"line":44,"column":18},"end":{"line":62,"column":3}},"line":44},"4":{"name":"(anonymous_4)","decl":{"start":{"line":64,"column":2},"end":{"line":64,"column":3}},"loc":{"start":{"line":64,"column":11},"end":{"line":86,"column":3}},"line":64}},"branchMap":{"0":{"loc":{"start":{"line":48,"column":22},"end":{"line":48,"column":73}},"type":"cond-expr","locations":[{"start":{"line":48,"column":54},"end":{"line":48,"column":60}},{"start":{"line":48,"column":63},"end":{"line":48,"column":73}}],"line":48},"1":{"loc":{"start":{"line":74,"column":48},"end":{"line":74,"column":65}},"type":"cond-expr","locations":[{"start":{"line":74,"column":56},"end":{"line":74,"column":60}},{"start":{"line":74,"column":63},"end":{"line":74,"column":65}}],"line":74},"2":{"loc":{"start":{"line":83,"column":9},"end":{"line":83,"column":46}},"type":"binary-expr","locations":[{"start":{"line":83,"column":9},"end":{"line":83,"column":22}},{"start":{"line":83,"column":26},"end":{"line":83,"column":46}}],"line":83}},"s":{"0":3,"1":3,"2":3,"3":4,"4":4,"5":4,"6":4,"7":4,"8":3,"9":3,"10":1,"11":3,"12":3,"13":3,"14":3,"15":3,"16":8,"17":8,"18":8,"19":8,"20":3},"f":{"0":4,"1":3,"2":1,"3":3,"4":8},"b":{"0":[1,2],"1":[1,7],"2":[8,3]},"_coverageSchema":"332fd63041d2c1bcb487cc26dd0d5f7d97098a6c","hash":"595e9cf9100ddb9ecd2a0dde694a72dfe424626a"},"/home/travis/build/springload/draftail/examples/blocks/ImageBlock.js":{"path":"/home/travis/build/springload/draftail/examples/blocks/ImageBlock.js","statementMap":{"0":{"start":{"line":12,"column":4},"end":{"line":12,"column":17}},"1":{"start":{"line":14,"column":4},"end":{"line":14,"column":47}},"2":{"start":{"line":18,"column":34},"end":{"line":18,"column":44}},"3":{"start":{"line":19,"column":38},"end":{"line":19,"column":48}},"4":{"start":{"line":21,"column":17},"end":{"line":23,"column":5}},"5":{"start":{"line":25,"column":4},"end":{"line":25,"column":69}},"6":{"start":{"line":29,"column":27},"end":{"line":29,"column":37}},"7":{"start":{"line":30,"column":53},"end":{"line":30,"column":63}},"8":{"start":{"line":31,"column":25},"end":{"line":31,"column":41}},"9":{"start":{"line":33,"column":4},"end":{"line":55,"column":6}},"10":{"start":{"line":59,"column":0},"end":{"line":66,"column":2}}},"fnMap":{"0":{"name":"(anonymous_0)","decl":{"start":{"line":11,"column":2},"end":{"line":11,"column":3}},"loc":{"start":{"line":11,"column":21},"end":{"line":15,"column":3}},"line":11},"1":{"name":"(anonymous_1)","decl":{"start":{"line":17,"column":2},"end":{"line":17,"column":3}},"loc":{"start":{"line":17,"column":15},"end":{"line":26,"column":3}},"line":17},"2":{"name":"(anonymous_2)","decl":{"start":{"line":28,"column":2},"end":{"line":28,"column":3}},"loc":{"start":{"line":28,"column":11},"end":{"line":56,"column":3}},"line":28}},"branchMap":{"0":{"loc":{"start":{"line":34,"column":51},"end":{"line":34,"column":60}},"type":"binary-expr","locations":[{"start":{"line":34,"column":51},"end":{"line":34,"column":54}},{"start":{"line":34,"column":58},"end":{"line":34,"column":60}}],"line":34},"1":{"loc":{"start":{"line":37,"column":36},"end":{"line":37,"column":45}},"type":"binary-expr","locations":[{"start":{"line":37,"column":36},"end":{"line":37,"column":39}},{"start":{"line":37,"column":43},"end":{"line":37,"column":45}}],"line":37}},"s":{"0":3,"1":3,"2":1,"3":1,"4":1,"5":1,"6":3,"7":3,"8":3,"9":3,"10":1},"f":{"0":3,"1":1,"2":3},"b":{"0":[3,1],"1":[3,1]},"_coverageSchema":"332fd63041d2c1bcb487cc26dd0d5f7d97098a6c","hash":"09728096d98ead6b3f09117833d54594fc337258"}}}